{"timestamp": "2025-10-09 14:16:06,744", "level": "INFO", "logger": "activity", "message": "Activity: page_view"}
{"timestamp": "2025-10-09 14:16:07,791", "level": "INFO", "logger": "activity", "message": "Activity: test_activity"}
{"timestamp": "2025-10-09 14:20:56,117", "level": "INFO", "logger": "activity", "message": "Activity: login"}
{"timestamp": "2025-10-09 14:20:56,148", "level": "INFO", "logger": "activity", "message": "Activity: content_upload"}
{"timestamp": "2025-10-09 14:20:56,173", "level": "INFO", "logger": "activity", "message": "Activity: login"}
{"timestamp": "2025-10-09 14:20:56,194", "level": "INFO", "logger": "activity", "message": "Activity: lesson_complete"}
{"timestamp": "2025-10-09 14:20:56,216", "level": "INFO", "logger": "activity", "message": "Activity: dashboard_view"}
{"timestamp": "2025-10-09 14:20:56,236", "level": "INFO", "logger": "activity", "message": "Activity: login"}
{"timestamp": "2025-10-09 14:20:56,255", "level": "INFO", "logger": "activity", "message": "Activity: lesson_complete"}
{"timestamp": "2025-10-09 14:20:56,276", "level": "INFO", "logger": "activity", "message": "Activity: lesson_complete"}
{"timestamp": "2025-10-09 14:20:56,298", "level": "INFO", "logger": "activity", "message": "Activity: quiz_attempt"}
{"timestamp": "2025-10-09 14:20:56,319", "level": "INFO", "logger": "activity", "message": "Activity: content_upload"}
{"timestamp": "2025-10-09 21:57:19,947", "level": "INFO", "logger": "activity", "message": "Activity: dashboard_access"}
{"timestamp": "2025-10-09 21:57:23,161", "level": "INFO", "logger": "activity", "message": "Activity: dashboard_access"}
{"timestamp": "2025-10-09 21:57:26,274", "level": "INFO", "logger": "activity", "message": "Activity: dashboard_access"}
{"timestamp": "2025-10-09 21:57:29,409", "level": "INFO", "logger": "activity", "message": "Activity: content_upload"}
{"timestamp": "2025-10-09 21:57:32,372", "level": "INFO", "logger": "activity", "message": "Activity: dashboard_access"}
{"timestamp": "2025-10-09 21:57:35,285", "level": "INFO", "logger": "activity", "message": "Activity: dashboard_access"}
{"timestamp": "2025-10-09 21:57:38,016", "level": "INFO", "logger": "activity", "message": "Activity: dashboard_access"}
{"timestamp": "2025-10-09 21:57:40,823", "level": "INFO", "logger": "activity", "message": "Activity: dashboard_access"}
{"timestamp": "2025-10-09 21:57:43,611", "level": "INFO", "logger": "activity", "message": "Activity: dashboard_access"}
{"timestamp": "2025-10-09 21:57:46,361", "level": "INFO", "logger": "activity", "message": "Activity: dashboard_access"}
{"timestamp": "2025-10-09 21:57:49,293", "level": "INFO", "logger": "activity", "message": "Activity: dashboard_access"}
{"timestamp": "2025-10-09 21:59:52,001", "level": "INFO", "logger": "activity", "message": "Activity: dashboard_access"}
{"timestamp": "2025-10-09 21:59:54,086", "level": "INFO", "logger": "activity", "message": "Activity: dashboard_access"}
{"timestamp": "2025-10-09 21:59:56,120", "level": "INFO", "logger": "activity", "message": "Activity: dashboard_access"}
{"timestamp": "2025-10-09 21:59:58,087", "level": "INFO", "logger": "activity", "message": "Activity: content_upload"}
{"timestamp": "2025-10-09 22:00:00,048", "level": "INFO", "logger": "activity", "message": "Activity: content_upload"}
{"timestamp": "2025-10-09 22:00:04,014", "level": "INFO", "logger": "activity", "message": "Activity: dashboard_access"}
{"timestamp": "2025-10-09 22:00:06,062", "level": "INFO", "logger": "activity", "message": "Activity: dashboard_access"}
{"timestamp": "2025-10-09 22:00:08,098", "level": "INFO", "logger": "activity", "message": "Activity: dashboard_access"}
{"timestamp": "2025-10-09 22:00:10,090", "level": "INFO", "logger": "activity", "message": "Activity: dashboard_access"}
{"timestamp": "2025-10-09 22:00:12,161", "level": "INFO", "logger": "activity", "message": "Activity: dashboard_access"}
{"timestamp": "2025-10-09 22:00:14,197", "level": "INFO", "logger": "activity", "message": "Activity: dashboard_access"}
{"timestamp": "2025-10-09 22:02:08,666", "level": "INFO", "logger": "activity", "message": "Activity: dashboard_access"}
{"timestamp": "2025-10-09 22:02:10,816", "level": "INFO", "logger": "activity", "message": "Activity: dashboard_access"}
{"timestamp": "2025-10-09 22:02:12,891", "level": "INFO", "logger": "activity", "message": "Activity: dashboard_access"}
{"timestamp": "2025-10-09 22:02:15,033", "level": "INFO", "logger": "activity", "message": "Activity: content_upload"}
{"timestamp": "2025-10-09 22:02:17,083", "level": "INFO", "logger": "activity", "message": "Activity: content_upload"}
{"timestamp": "2025-10-09 22:02:21,278", "level": "INFO", "logger": "activity", "message": "Activity: dashboard_access"}
{"timestamp": "2025-10-09 22:02:23,340", "level": "INFO", "logger": "activity", "message": "Activity: dashboard_access"}
{"timestamp": "2025-10-09 22:02:25,352", "level": "INFO", "logger": "activity", "message": "Activity: dashboard_access"}
{"timestamp": "2025-10-09 22:02:27,380", "level": "INFO", "logger": "activity", "message": "Activity: dashboard_access"}
{"timestamp": "2025-10-09 22:02:29,428", "level": "INFO", "logger": "activity", "message": "Activity: dashboard_access"}
{"timestamp": "2025-10-09 22:02:31,554", "level": "INFO", "logger": "activity", "message": "Activity: dashboard_access"}
{"timestamp": "2025-10-09 22:03:16,751", "level": "INFO", "logger": "activity", "message": "Activity: dashboard_access"}
{"timestamp": "2025-10-09 22:03:18,976", "level": "INFO", "logger": "activity", "message": "Activity: dashboard_access"}
{"timestamp": "2025-10-09 22:03:21,236", "level": "INFO", "logger": "activity", "message": "Activity: dashboard_access"}
{"timestamp": "2025-10-09 22:03:23,459", "level": "INFO", "logger": "activity", "message": "Activity: content_upload"}
{"timestamp": "2025-10-09 22:03:25,593", "level": "INFO", "logger": "activity", "message": "Activity: content_upload"}
{"timestamp": "2025-10-09 22:03:29,939", "level": "INFO", "logger": "activity", "message": "Activity: dashboard_access"}
{"timestamp": "2025-10-09 22:03:32,152", "level": "INFO", "logger": "activity", "message": "Activity: dashboard_access"}
{"timestamp": "2025-10-09 22:03:34,357", "level": "INFO", "logger": "activity", "message": "Activity: dashboard_access"}
{"timestamp": "2025-10-09 22:03:36,476", "level": "INFO", "logger": "activity", "message": "Activity: dashboard_access"}
{"timestamp": "2025-10-09 22:03:38,640", "level": "INFO", "logger": "activity", "message": "Activity: dashboard_access"}
{"timestamp": "2025-10-09 22:03:40,890", "level": "INFO", "logger": "activity", "message": "Activity: dashboard_access"}
{"timestamp": "2025-10-10 17:03:11,153", "level": "INFO", "logger": "activity", "message": "Activity: form_submission"}
{"timestamp": "2025-10-10 17:03:45,372", "level": "INFO", "logger": "activity", "message": "Activity: form_submission"}
{"timestamp": "2025-10-10 17:03:58,498", "level": "INFO", "logger": "activity", "message": "Activity: form_submission"}
{"timestamp": "2025-10-10 17:04:00,427", "level": "INFO", "logger": "activity", "message": "Activity: form_submission"}
{"timestamp": "2025-10-10 17:05:26,783", "level": "INFO", "logger": "activity", "message": "Activity: dashboard_access"}
{"timestamp": "2025-10-10 17:05:26,907", "level": "INFO", "logger": "activity", "message": "Activity: dashboard_access"}
{"timestamp": "2025-10-10 17:05:27,024", "level": "INFO", "logger": "activity", "message": "Activity: dashboard_access"}
{"timestamp": "2025-10-10 17:05:27,137", "level": "INFO", "logger": "activity", "message": "Activity: dashboard_access"}
{"timestamp": "2025-10-10 17:05:27,257", "level": "INFO", "logger": "activity", "message": "Activity: dashboard_access"}
{"timestamp": "2025-10-10 17:05:27,368", "level": "INFO", "logger": "activity", "message": "Activity: dashboard_access"}
{"timestamp": "2025-10-10 17:05:27,457", "level": "INFO", "logger": "activity", "message": "Activity: dashboard_access"}
{"timestamp": "2025-10-10 17:05:27,544", "level": "INFO", "logger": "activity", "message": "Activity: dashboard_access"}
{"timestamp": "2025-10-10 17:05:27,629", "level": "INFO", "logger": "activity", "message": "Activity: dashboard_access"}
{"timestamp": "2025-10-10 17:05:27,733", "level": "INFO", "logger": "activity", "message": "Activity: dashboard_access"}
{"timestamp": "2025-10-10 17:05:28,947", "level": "INFO", "logger": "activity", "message": "Activity: dashboard_access"}
{"timestamp": "2025-10-10 17:05:29,030", "level": "INFO", "logger": "activity", "message": "Activity: dashboard_access"}
{"timestamp": "2025-10-10 17:05:29,127", "level": "INFO", "logger": "activity", "message": "Activity: dashboard_access"}
{"timestamp": "2025-10-10 17:05:29,241", "level": "INFO", "logger": "activity", "message": "Activity: dashboard_access"}
{"timestamp": "2025-10-10 17:05:29,326", "level": "INFO", "logger": "activity", "message": "Activity: dashboard_access"}
{"timestamp": "2025-10-10 17:05:29,410", "level": "INFO", "logger": "activity", "message": "Activity: dashboard_access"}
{"timestamp": "2025-10-10 17:05:29,498", "level": "INFO", "logger": "activity", "message": "Activity: dashboard_access"}
{"timestamp": "2025-10-10 17:05:29,588", "level": "INFO", "logger": "activity", "message": "Activity: dashboard_access"}
{"timestamp": "2025-10-10 17:05:29,677", "level": "INFO", "logger": "activity", "message": "Activity: dashboard_access"}
{"timestamp": "2025-10-10 17:05:29,761", "level": "INFO", "logger": "activity", "message": "Activity: dashboard_access"}
{"timestamp": "2025-10-13 15:45:42,799", "level": "INFO", "logger": "activity", "message": "Activity: form_submission"}
{"timestamp": "2025-10-22 15:18:31,862", "level": "INFO", "logger": "activity", "message": "Activity: form_submission"}
{"timestamp": "2025-10-22 15:19:38,118", "level": "INFO", "logger": "activity", "message": "Activity: dashboard_access"}
{"timestamp": "2025-10-22 15:19:38,197", "level": "INFO", "logger": "activity", "message": "Activity: dashboard_access"}
{"timestamp": "2025-10-22 15:19:38,281", "level": "INFO", "logger": "activity", "message": "Activity: dashboard_access"}
{"timestamp": "2025-10-22 15:19:38,359", "level": "INFO", "logger": "activity", "message": "Activity: dashboard_access"}
{"timestamp": "2025-10-22 15:19:38,442", "level": "INFO", "logger": "activity", "message": "Activity: dashboard_access"}
{"timestamp": "2025-10-22 15:19:38,524", "level": "INFO", "logger": "activity", "message": "Activity: dashboard_access"}
{"timestamp": "2025-10-22 15:19:38,613", "level": "INFO", "logger": "activity", "message": "Activity: dashboard_access"}
{"timestamp": "2025-10-22 15:19:38,692", "level": "INFO", "logger": "activity", "message": "Activity: dashboard_access"}
{"timestamp": "2025-10-22 15:19:38,772", "level": "INFO", "logger": "activity", "message": "Activity: dashboard_access"}
{"timestamp": "2025-10-22 15:19:38,853", "level": "INFO", "logger": "activity", "message": "Activity: dashboard_access"}
{"timestamp": "2025-10-22 15:19:40,002", "level": "INFO", "logger": "activity", "message": "Activity: dashboard_access"}
{"timestamp": "2025-10-22 15:19:40,070", "level": "INFO", "logger": "activity", "message": "Activity: dashboard_access"}
{"timestamp": "2025-10-22 15:19:40,149", "level": "INFO", "logger": "activity", "message": "Activity: dashboard_access"}
{"timestamp": "2025-10-22 15:19:40,224", "level": "INFO", "logger": "activity", "message": "Activity: dashboard_access"}
{"timestamp": "2025-10-22 15:19:40,312", "level": "INFO", "logger": "activity", "message": "Activity: dashboard_access"}
{"timestamp": "2025-10-22 15:19:40,387", "level": "INFO", "logger": "activity", "message": "Activity: dashboard_access"}
{"timestamp": "2025-10-22 15:19:40,462", "level": "INFO", "logger": "activity", "message": "Activity: dashboard_access"}
{"timestamp": "2025-10-22 15:19:40,541", "level": "INFO", "logger": "activity", "message": "Activity: dashboard_access"}
{"timestamp": "2025-10-22 15:19:40,634", "level": "INFO", "logger": "activity", "message": "Activity: dashboard_access"}
{"timestamp": "2025-10-22 15:19:40,717", "level": "INFO", "logger": "activity", "message": "Activity: dashboard_access"}
{"timestamp": "2025-10-22 16:27:27,812", "level": "INFO", "logger": "activity", "message": "Activity: form_submission"}
{"timestamp": "2025-10-22 16:35:19,855", "level": "INFO", "logger": "activity", "message": "Activity: dashboard_access"}
{"timestamp": "2025-10-22 16:35:20,100", "level": "INFO", "logger": "activity", "message": "Activity: dashboard_access"}
{"timestamp": "2025-10-22 16:35:20,343", "level": "INFO", "logger": "activity", "message": "Activity: dashboard_access"}
{"timestamp": "2025-10-22 16:35:20,655", "level": "INFO", "logger": "activity", "message": "Activity: dashboard_access"}
{"timestamp": "2025-10-22 16:35:23,677", "level": "INFO", "logger": "activity", "message": "Activity: dashboard_access"}
{"timestamp": "2025-10-22 16:35:23,774", "level": "INFO", "logger": "activity", "message": "Activity: dashboard_access"}
{"timestamp": "2025-10-22 16:35:23,917", "level": "INFO", "logger": "activity", "message": "Activity: dashboard_access"}
{"timestamp": "2025-10-22 16:35:24,001", "level": "INFO", "logger": "activity", "message": "Activity: dashboard_access"}
{"timestamp": "2025-10-22 16:35:24,098", "level": "INFO", "logger": "activity", "message": "Activity: dashboard_access"}
{"timestamp": "2025-10-22 16:35:24,202", "level": "INFO", "logger": "activity", "message": "Activity: dashboard_access"}
{"timestamp": "2025-10-22 16:35:24,321", "level": "INFO", "logger": "activity", "message": "Activity: dashboard_access"}
{"timestamp": "2025-10-22 16:35:24,468", "level": "INFO", "logger": "activity", "message": "Activity: dashboard_access"}
{"timestamp": "2025-10-22 16:35:24,608", "level": "INFO", "logger": "activity", "message": "Activity: dashboard_access"}
{"timestamp": "2025-10-22 16:35:24,723", "level": "INFO", "logger": "activity", "message": "Activity: dashboard_access"}
{"timestamp": "2025-10-22 16:35:25,887", "level": "INFO", "logger": "activity", "message": "Activity: dashboard_access"}
{"timestamp": "2025-10-22 16:35:26,030", "level": "INFO", "logger": "activity", "message": "Activity: dashboard_access"}
{"timestamp": "2025-10-22 16:35:26,151", "level": "INFO", "logger": "activity", "message": "Activity: dashboard_access"}
{"timestamp": "2025-10-22 16:35:26,306", "level": "INFO", "logger": "activity", "message": "Activity: dashboard_access"}
{"timestamp": "2025-10-22 16:35:26,523", "level": "INFO", "logger": "activity", "message": "Activity: dashboard_access"}
{"timestamp": "2025-10-22 16:35:26,734", "level": "INFO", "logger": "activity", "message": "Activity: dashboard_access"}
{"timestamp": "2025-10-22 16:35:26,921", "level": "INFO", "logger": "activity", "message": "Activity: dashboard_access"}
{"timestamp": "2025-10-22 16:35:27,071", "level": "INFO", "logger": "activity", "message": "Activity: dashboard_access"}
{"timestamp": "2025-10-22 16:35:27,270", "level": "INFO", "logger": "activity", "message": "Activity: dashboard_access"}
{"timestamp": "2025-10-22 16:35:27,469", "level": "INFO", "logger": "activity", "message": "Activity: dashboard_access"}
{"timestamp": "2025-10-22 16:39:57,933", "level": "INFO", "logger": "activity", "message": "Activity: form_submission"}
{"timestamp": "2025-10-22 16:49:52,093", "level": "INFO", "logger": "activity", "message": "Activity: dashboard_access"}
{"timestamp": "2025-10-22 16:49:52,215", "level": "INFO", "logger": "activity", "message": "Activity: dashboard_access"}
{"timestamp": "2025-10-22 16:49:52,344", "level": "INFO", "logger": "activity", "message": "Activity: dashboard_access"}
{"timestamp": "2025-10-22 16:49:52,465", "level": "INFO", "logger": "activity", "message": "Activity: dashboard_access"}
{"timestamp": "2025-10-22 16:49:52,595", "level": "INFO", "logger": "activity", "message": "Activity: dashboard_access"}
{"timestamp": "2025-10-22 16:49:52,718", "level": "INFO", "logger": "activity", "message": "Activity: dashboard_access"}
{"timestamp": "2025-10-22 16:49:52,872", "level": "INFO", "logger": "activity", "message": "Activity: dashboard_access"}
{"timestamp": "2025-10-22 16:49:52,987", "level": "INFO", "logger": "activity", "message": "Activity: dashboard_access"}
{"timestamp": "2025-10-22 16:49:53,094", "level": "INFO", "logger": "activity", "message": "Activity: dashboard_access"}
{"timestamp": "2025-10-22 16:49:53,215", "level": "INFO", "logger": "activity", "message": "Activity: dashboard_access"}
{"timestamp": "2025-10-22 16:49:54,476", "level": "INFO", "logger": "activity", "message": "Activity: dashboard_access"}
{"timestamp": "2025-10-22 16:49:54,623", "level": "INFO", "logger": "activity", "message": "Activity: dashboard_access"}
{"timestamp": "2025-10-22 16:49:54,758", "level": "INFO", "logger": "activity", "message": "Activity: dashboard_access"}
{"timestamp": "2025-10-22 16:49:54,927", "level": "INFO", "logger": "activity", "message": "Activity: dashboard_access"}
{"timestamp": "2025-10-22 16:49:55,118", "level": "INFO", "logger": "activity", "message": "Activity: dashboard_access"}
{"timestamp": "2025-10-22 16:49:55,275", "level": "INFO", "logger": "activity", "message": "Activity: dashboard_access"}
{"timestamp": "2025-10-22 16:49:55,433", "level": "INFO", "logger": "activity", "message": "Activity: dashboard_access"}
{"timestamp": "2025-10-22 16:49:55,588", "level": "INFO", "logger": "activity", "message": "Activity: dashboard_access"}
{"timestamp": "2025-10-22 16:50:03,709", "level": "INFO", "logger": "activity", "message": "Activity: form_submission"}
{"timestamp": "2025-10-22 16:50:03,809", "level": "INFO", "logger": "activity", "message": "Activity: dashboard_access"}
{"timestamp": "2025-10-22 16:50:04,061", "level": "INFO", "logger": "activity", "message": "Activity: dashboard_access"}
{"timestamp": "2025-10-22 16:50:32,210", "level": "INFO", "logger": "activity", "message": "Activity: form_submission"}
{"timestamp": "2025-10-22 16:50:32,336", "level": "INFO", "logger": "activity", "message": "Activity: lesson_access"}
{"timestamp": "2025-10-22 16:51:15,380", "level": "INFO", "logger": "activity", "message": "Activity: dashboard_access"}
{"timestamp": "2025-10-22 16:51:15,538", "level": "INFO", "logger": "activity", "message": "Activity: dashboard_access"}
{"timestamp": "2025-10-22 16:52:19,179", "level": "INFO", "logger": "activity", "message": "Activity: dashboard_access"}
{"timestamp": "2025-10-22 16:52:19,337", "level": "INFO", "logger": "activity", "message": "Activity: dashboard_access"}
{"timestamp": "2025-10-22 16:53:28,823", "level": "INFO", "logger": "activity", "message": "Activity: content_upload"}
{"timestamp": "2025-10-22 16:54:47,169", "level": "INFO", "logger": "activity", "message": "Activity: dashboard_access"}
{"timestamp": "2025-10-22 16:54:47,406", "level": "INFO", "logger": "activity", "message": "Activity: dashboard_access"}
{"timestamp": "2025-10-22 16:55:32,857", "level": "INFO", "logger": "activity", "message": "Activity: dashboard_access"}
{"timestamp": "2025-10-22 16:55:33,013", "level": "INFO", "logger": "activity", "message": "Activity: dashboard_access"}
{"timestamp": "2025-10-22 16:55:37,419", "level": "INFO", "logger": "activity", "message": "Activity: lesson_access"}
{"timestamp": "2025-10-22 16:56:00,057", "level": "INFO", "logger": "activity", "message": "Activity: form_submission"}
{"timestamp": "2025-10-22 16:56:13,889", "level": "INFO", "logger": "activity", "message": "Activity: form_submission"}
{"timestamp": "2025-10-22 16:58:13,895", "level": "INFO", "logger": "activity", "message": "Activity: form_submission"}
{"timestamp": "2025-10-22 17:00:20,613", "level": "INFO", "logger": "activity", "message": "Activity: form_submission"}
{"timestamp": "2025-10-22 17:00:31,627", "level": "INFO", "logger": "activity", "message": "Activity: dashboard_access"}
{"timestamp": "2025-10-22 17:00:31,812", "level": "INFO", "logger": "activity", "message": "Activity: dashboard_access"}
{"timestamp": "2025-10-22 17:04:36,740", "level": "INFO", "logger": "activity", "message": "Activity: content_upload"}
{"timestamp": "2025-10-22 17:08:03,196", "level": "INFO", "logger": "activity", "message": "Activity: dashboard_access"}
{"timestamp": "2025-10-22 17:08:03,362", "level": "INFO", "logger": "activity", "message": "Activity: dashboard_access"}
{"timestamp": "2025-10-22 17:08:13,412", "level": "INFO", "logger": "activity", "message": "Activity: content_upload"}
{"timestamp": "2025-10-22 18:10:40,499", "level": "INFO", "logger": "activity", "message": "Activity: form_submission"}
{"timestamp": "2025-10-22 18:14:20,169", "level": "INFO", "logger": "activity", "message": "Activity: form_submission"}
{"timestamp": "2025-10-22 18:14:20,290", "level": "INFO", "logger": "activity", "message": "Activity: content_upload"}
{"timestamp": "2025-10-22 18:14:27,602", "level": "INFO", "logger": "activity", "message": "Activity: dashboard_access"}
{"timestamp": "2025-10-22 18:14:27,785", "level": "INFO", "logger": "activity", "message": "Activity: dashboard_access"}
{"timestamp": "2025-10-22 18:21:44,510", "level": "INFO", "logger": "activity", "message": "Activity: dashboard_access"}
{"timestamp": "2025-10-22 18:27:03,228", "level": "INFO", "logger": "activity", "message": "Activity: content_upload"}
{"timestamp": "2025-10-22 18:27:41,573", "level": "INFO", "logger": "activity", "message": "Activity: dashboard_access"}
{"timestamp": "2025-10-22 18:27:41,741", "level": "INFO", "logger": "activity", "message": "Activity: dashboard_access"}
{"timestamp": "2025-10-22 18:34:50,509", "level": "INFO", "logger": "activity", "message": "Activity: form_submission"}
{"timestamp": "2025-10-22 18:34:56,363", "level": "INFO", "logger": "activity", "message": "Activity: form_submission"}
{"timestamp": "2025-10-22 18:35:13,047", "level": "INFO", "logger": "activity", "message": "Activity: dashboard_access"}
{"timestamp": "2025-10-22 18:35:13,439", "level": "INFO", "logger": "activity", "message": "Activity: dashboard_access"}
{"timestamp": "2025-10-22 18:35:13,537", "level": "INFO", "logger": "activity", "message": "Activity: dashboard_access"}
{"timestamp": "2025-10-22 18:35:13,655", "level": "INFO", "logger": "activity", "message": "Activity: dashboard_access"}
{"timestamp": "2025-10-22 18:35:13,844", "level": "INFO", "logger": "activity", "message": "Activity: dashboard_access"}
{"timestamp": "2025-10-22 18:35:13,947", "level": "INFO", "logger": "activity", "message": "Activity: dashboard_access"}
{"timestamp": "2025-10-22 18:35:14,070", "level": "INFO", "logger": "activity", "message": "Activity: dashboard_access"}
{"timestamp": "2025-10-22 18:35:14,205", "level": "INFO", "logger": "activity", "message": "Activity: dashboard_access"}
{"timestamp": "2025-10-22 18:35:14,385", "level": "INFO", "logger": "activity", "message": "Activity: dashboard_access"}
{"timestamp": "2025-10-22 18:35:14,510", "level": "INFO", "logger": "activity", "message": "Activity: dashboard_access"}
{"timestamp": "2025-10-22 18:35:44,041", "level": "INFO", "logger": "activity", "message": "Activity: dashboard_access"}
{"timestamp": "2025-10-22 18:35:44,169", "level": "INFO", "logger": "activity", "message": "Activity: dashboard_access"}
{"timestamp": "2025-10-22 18:35:44,276", "level": "INFO", "logger": "activity", "message": "Activity: dashboard_access"}
{"timestamp": "2025-10-22 18:35:44,386", "level": "INFO", "logger": "activity", "message": "Activity: dashboard_access"}
{"timestamp": "2025-10-22 18:35:44,549", "level": "INFO", "logger": "activity", "message": "Activity: dashboard_access"}
{"timestamp": "2025-10-22 18:35:44,737", "level": "INFO", "logger": "activity", "message": "Activity: dashboard_access"}
{"timestamp": "2025-10-22 18:35:44,862", "level": "INFO", "logger": "activity", "message": "Activity: dashboard_access"}
{"timestamp": "2025-10-22 18:35:44,972", "level": "INFO", "logger": "activity", "message": "Activity: dashboard_access"}
{"timestamp": "2025-10-22 18:35:45,104", "level": "INFO", "logger": "activity", "message": "Activity: dashboard_access"}
{"timestamp": "2025-10-22 18:35:45,297", "level": "INFO", "logger": "activity", "message": "Activity: dashboard_access"}
{"timestamp": "2025-10-22 18:36:00,464", "level": "INFO", "logger": "activity", "message": "Activity: dashboard_access"}
{"timestamp": "2025-10-22 18:36:00,608", "level": "INFO", "logger": "activity", "message": "Activity: dashboard_access"}
{"timestamp": "2025-10-22 18:36:00,732", "level": "INFO", "logger": "activity", "message": "Activity: dashboard_access"}
{"timestamp": "2025-10-22 18:36:00,862", "level": "INFO", "logger": "activity", "message": "Activity: dashboard_access"}
{"timestamp": "2025-10-22 18:36:00,985", "level": "INFO", "logger": "activity", "message": "Activity: dashboard_access"}
{"timestamp": "2025-10-22 18:36:01,156", "level": "INFO", "logger": "activity", "message": "Activity: dashboard_access"}
{"timestamp": "2025-10-22 18:36:01,283", "level": "INFO", "logger": "activity", "message": "Activity: dashboard_access"}
{"timestamp": "2025-10-22 18:36:01,412", "level": "INFO", "logger": "activity", "message": "Activity: dashboard_access"}
{"timestamp": "2025-10-22 18:36:01,548", "level": "INFO", "logger": "activity", "message": "Activity: dashboard_access"}
{"timestamp": "2025-10-22 18:36:01,714", "level": "INFO", "logger": "activity", "message": "Activity: dashboard_access"}
{"timestamp": "2025-10-22 18:36:03,013", "level": "INFO", "logger": "activity", "message": "Activity: dashboard_access"}
{"timestamp": "2025-10-22 18:36:03,177", "level": "INFO", "logger": "activity", "message": "Activity: dashboard_access"}
{"timestamp": "2025-10-22 18:36:03,318", "level": "INFO", "logger": "activity", "message": "Activity: dashboard_access"}
{"timestamp": "2025-10-22 18:36:03,474", "level": "INFO", "logger": "activity", "message": "Activity: dashboard_access"}
{"timestamp": "2025-10-22 18:36:03,677", "level": "INFO", "logger": "activity", "message": "Activity: dashboard_access"}
{"timestamp": "2025-10-22 18:36:03,898", "level": "INFO", "logger": "activity", "message": "Activity: dashboard_access"}
{"timestamp": "2025-10-22 18:36:04,057", "level": "INFO", "logger": "activity", "message": "Activity: dashboard_access"}
{"timestamp": "2025-10-22 18:36:04,189", "level": "INFO", "logger": "activity", "message": "Activity: dashboard_access"}
{"timestamp": "2025-10-22 18:36:04,330", "level": "INFO", "logger": "activity", "message": "Activity: dashboard_access"}
{"timestamp": "2025-10-22 18:36:04,478", "level": "INFO", "logger": "activity", "message": "Activity: dashboard_access"}
{"timestamp": "2025-10-22 18:36:12,759", "level": "INFO", "logger": "activity", "message": "Activity: form_submission"}
{"timestamp": "2025-10-22 18:36:12,852", "level": "INFO", "logger": "activity", "message": "Activity: dashboard_access"}
{"timestamp": "2025-10-22 18:36:13,024", "level": "INFO", "logger": "activity", "message": "Activity: dashboard_access"}
{"timestamp": "2025-10-22 18:37:34,279", "level": "INFO", "logger": "activity", "message": "Activity: dashboard_access"}
{"timestamp": "2025-10-22 18:37:34,490", "level": "INFO", "logger": "activity", "message": "Activity: dashboard_access"}
{"timestamp": "2025-10-22 20:39:14,613", "level": "INFO", "logger": "activity", "message": "Activity: form_submission"}
{"timestamp": "2025-10-22 20:39:14,753", "level": "INFO", "logger": "activity", "message": "Activity: dashboard_access"}
{"timestamp": "2025-10-22 20:39:15,019", "level": "INFO", "logger": "activity", "message": "Activity: dashboard_access"}
{"timestamp": "2025-10-22 20:39:44,527", "level": "INFO", "logger": "activity", "message": "Activity: content_upload"}
