{"timestamp": "2025-10-09 14:15:55,155", "level": "ERROR", "logger": "errors", "message": "Error: NoReverseMatch"}
{"timestamp": "2025-10-09 14:16:04,663", "level": "ERROR", "logger": "errors", "message": "Error: ValueError"}
{"timestamp": "2025-10-09 14:20:56,088", "level": "ERROR", "logger": "errors", "message": "Error: ValueError"}
{"timestamp": "2025-10-09 14:29:22,346", "level": "ERROR", "logger": "errors", "message": "Error: NoReverseMatch"}
{"timestamp": "2025-10-09 14:36:59,608", "level": "ERROR", "logger": "errors", "message": "Error: NoReverseMatch"}
{"timestamp": "2025-10-09 14:37:00,791", "level": "ERROR", "logger": "errors", "message": "Error: NoReverseMatch"}
{"timestamp": "2025-10-09 14:46:43,888", "level": "ERROR", "logger": "errors", "message": "Error: NoReverseMatch"}
{"timestamp": "2025-10-09 14:50:09,585", "level": "ERROR", "logger": "errors", "message": "Error: NoReverseMatch"}
{"timestamp": "2025-10-09 14:50:10,964", "level": "ERROR", "logger": "errors", "message": "Error: NoReverseMatch"}
{"timestamp": "2025-10-09 14:50:12,125", "level": "ERROR", "logger": "errors", "message": "Error: NoReverseMatch"}
{"timestamp": "2025-10-09 14:59:16,377", "level": "ERROR", "logger": "errors", "message": "Error: NoReverseMatch"}
{"timestamp": "2025-10-09 14:59:17,714", "level": "ERROR", "logger": "errors", "message": "Error: NoReverseMatch"}
{"timestamp": "2025-10-09 15:01:20,245", "level": "ERROR", "logger": "errors", "message": "Error: NoReverseMatch"}
{"timestamp": "2025-10-09 16:10:19,943", "level": "ERROR", "logger": "errors", "message": "Error: NoReverseMatch"}
{"timestamp": "2025-10-09 16:12:38,902", "level": "ERROR", "logger": "errors", "message": "Error: NoReverseMatch"}
{"timestamp": "2025-10-09 16:13:09,316", "level": "ERROR", "logger": "errors", "message": "Error: NoReverseMatch"}
{"timestamp": "2025-10-09 16:13:12,261", "level": "ERROR", "logger": "errors", "message": "Error: NoReverseMatch"}
{"timestamp": "2025-10-09 16:13:13,651", "level": "ERROR", "logger": "errors", "message": "Error: NoReverseMatch"}
{"timestamp": "2025-10-09 16:13:14,945", "level": "ERROR", "logger": "errors", "message": "Error: NoReverseMatch"}
{"timestamp": "2025-10-09 16:15:58,532", "level": "ERROR", "logger": "errors", "message": "Error: NoReverseMatch"}
{"timestamp": "2025-10-09 16:16:27,085", "level": "ERROR", "logger": "errors", "message": "Error: NoReverseMatch"}
{"timestamp": "2025-10-09 16:16:48,100", "level": "ERROR", "logger": "errors", "message": "Error: NoReverseMatch"}
{"timestamp": "2025-10-09 16:19:29,992", "level": "ERROR", "logger": "errors", "message": "Error: NoReverseMatch"}
{"timestamp": "2025-10-09 16:40:15,324", "level": "ERROR", "logger": "errors", "message": "Error: NoReverseMatch"}
{"timestamp": "2025-10-09 16:41:03,079", "level": "ERROR", "logger": "errors", "message": "Error: NoReverseMatch"}
{"timestamp": "2025-10-09 17:08:09,204", "level": "ERROR", "logger": "errors", "message": "Error: NoReverseMatch"}
{"timestamp": "2025-10-09 21:49:19,661", "level": "ERROR", "logger": "errors", "message": "Error: NoReverseMatch"}
{"timestamp": "2025-10-09 21:49:21,697", "level": "ERROR", "logger": "errors", "message": "Error: AttributeError"}
{"timestamp": "2025-10-09 21:49:31,405", "level": "ERROR", "logger": "errors", "message": "Error: NoReverseMatch"}
{"timestamp": "2025-10-09 21:49:37,270", "level": "ERROR", "logger": "errors", "message": "Error: AttributeError"}
{"timestamp": "2025-10-09 21:49:41,301", "level": "ERROR", "logger": "errors", "message": "Error: AttributeError"}
{"timestamp": "2025-10-09 21:49:45,272", "level": "ERROR", "logger": "errors", "message": "Error: NoReverseMatch"}
{"timestamp": "2025-10-09 21:49:51,248", "level": "ERROR", "logger": "errors", "message": "Error: NoReverseMatch"}
{"timestamp": "2025-10-09 21:49:53,299", "level": "ERROR", "logger": "errors", "message": "Error: NoReverseMatch"}
{"timestamp": "2025-10-09 21:49:55,298", "level": "ERROR", "logger": "errors", "message": "Error: AttributeError"}
{"timestamp": "2025-10-09 21:50:02,937", "level": "ERROR", "logger": "errors", "message": "Error: AttributeError"}
{"timestamp": "2025-10-09 21:50:04,784", "level": "ERROR", "logger": "errors", "message": "Error: NoReverseMatch"}
{"timestamp": "2025-10-09 21:55:04,195", "level": "ERROR", "logger": "errors", "message": "Error: NoReverseMatch"}
{"timestamp": "2025-10-10 17:04:07,064", "level": "ERROR", "logger": "errors", "message": "Error: NoReverseMatch"}
{"timestamp": "2025-10-22 16:51:37,368", "level": "ERROR", "logger": "errors", "message": "Error: FieldError"}
{"timestamp": "2025-10-22 16:51:58,485", "level": "ERROR", "logger": "errors", "message": "Error: NoReverseMatch"}
{"timestamp": "2025-10-22 16:53:07,322", "level": "ERROR", "logger": "errors", "message": "Error: NoReverseMatch"}
{"timestamp": "2025-10-22 17:08:24,003", "level": "ERROR", "logger": "errors", "message": "Error: NoReverseMatch"}
{"timestamp": "2025-10-22 18:10:40,626", "level": "ERROR", "logger": "errors", "message": "Error: NoReverseMatch"}
{"timestamp": "2025-10-22 18:16:02,962", "level": "ERROR", "logger": "errors", "message": "Error: NoReverseMatch"}
{"timestamp": "2025-10-22 18:18:58,499", "level": "ERROR", "logger": "errors", "message": "Error: NoReverseMatch"}
{"timestamp": "2025-10-22 18:19:06,051", "level": "ERROR", "logger": "errors", "message": "Error: NoReverseMatch"}
{"timestamp": "2025-10-22 18:21:46,804", "level": "ERROR", "logger": "errors", "message": "Error: NoReverseMatch"}
{"timestamp": "2025-10-22 18:26:36,940", "level": "ERROR", "logger": "errors", "message": "Error: NoReverseMatch"}
{"timestamp": "2025-10-22 18:26:42,482", "level": "ERROR", "logger": "errors", "message": "Error: NoReverseMatch"}
{"timestamp": "2025-10-22 18:26:56,696", "level": "ERROR", "logger": "errors", "message": "Error: NoReverseMatch"}
{"timestamp": "2025-10-22 18:29:33,799", "level": "ERROR", "logger": "errors", "message": "Error: NoReverseMatch"}
{"timestamp": "2025-10-22 18:38:06,163", "level": "ERROR", "logger": "errors", "message": "Error: FieldError"}
{"timestamp": "2025-10-22 20:39:57,097", "level": "ERROR", "logger": "errors", "message": "Error: FieldError"}
{"timestamp": "2025-10-22 20:44:56,134", "level": "ERROR", "logger": "errors", "message": "Error: FieldError"}
{"timestamp": "2025-10-22 20:45:07,000", "level": "ERROR", "logger": "errors", "message": "Error: FieldError"}
{"timestamp": "2025-10-22 20:45:48,543", "level": "ERROR", "logger": "errors", "message": "Error: FieldError"}
{"timestamp": "2025-10-22 20:46:05,677", "level": "ERROR", "logger": "errors", "message": "Error: NoReverseMatch"}
{"timestamp": "2025-10-23 14:59:12,890", "level": "ERROR", "logger": "errors", "message": "Error: FieldError"}
{"timestamp": "2025-10-23 15:04:39,878", "level": "ERROR", "logger": "errors", "message": "Error: NoReverseMatch"}
{"timestamp": "2025-10-23 15:29:21,677", "level": "ERROR", "logger": "errors", "message": "Error: TemplateDoesNotExist"}
{"timestamp": "2025-10-23 15:29:56,488", "level": "ERROR", "logger": "errors", "message": "Error: TemplateDoesNotExist"}
{"timestamp": "2025-10-23 15:31:59,910", "level": "ERROR", "logger": "errors", "message": "Error: TemplateDoesNotExist"}
{"timestamp": "2025-10-23 16:20:44,097", "level": "ERROR", "logger": "errors", "message": "Error: NoReverseMatch"}
{"timestamp": "2025-10-23 16:33:39,560", "level": "ERROR", "logger": "errors", "message": "Error: NoReverseMatch"}
{"timestamp": "2025-10-23 16:33:47,401", "level": "ERROR", "logger": "errors", "message": "Error: NoReverseMatch"}
{"timestamp": "2025-10-23 16:33:57,708", "level": "ERROR", "logger": "errors", "message": "Error: NoReverseMatch"}
{"timestamp": "2025-10-23 16:34:04,168", "level": "ERROR", "logger": "errors", "message": "Error: NoReverseMatch"}
{"timestamp": "2025-12-04 08:09:30,312", "level": "ERROR", "logger": "errors", "message": "Error: NoReverseMatch"}
{"timestamp": "2025-12-04 08:09:42,375", "level": "ERROR", "logger": "errors", "message": "Error: NoReverseMatch"}
{"timestamp": "2025-12-04 08:09:48,021", "level": "ERROR", "logger": "errors", "message": "Error: NoReverseMatch"}
{"timestamp": "2025-12-04 10:37:42,015", "level": "ERROR", "logger": "errors", "message": "Error: NoReverseMatch"}
{"timestamp": "2025-12-04 10:37:57,910", "level": "ERROR", "logger": "errors", "message": "Error: NoReverseMatch"}
{"timestamp": "2025-12-04 10:46:55,883", "level": "ERROR", "logger": "errors", "message": "Error: NoReverseMatch"}
{"timestamp": "2025-12-04 10:47:19,966", "level": "ERROR", "logger": "errors", "message": "Error: NoReverseMatch"}
{"timestamp": "2025-12-04 10:49:16,536", "level": "ERROR", "logger": "errors", "message": "Error: TemplateDoesNotExist"}
{"timestamp": "2025-12-04 10:50:05,887", "level": "ERROR", "logger": "errors", "message": "Error: TemplateDoesNotExist"}
{"timestamp": "2025-12-04 10:50:13,608", "level": "ERROR", "logger": "errors", "message": "Error: TemplateDoesNotExist"}
{"timestamp": "2025-12-04 10:52:00,929", "level": "ERROR", "logger": "errors", "message": "Error: TemplateDoesNotExist"}
{"timestamp": "2025-12-04 10:52:02,973", "level": "ERROR", "logger": "errors", "message": "Error: TemplateDoesNotExist"}
{"timestamp": "2025-12-05 20:59:25,352", "level": "ERROR", "logger": "errors", "message": "Error: NoReverseMatch"}
{"timestamp": "2025-12-05 21:42:32,656", "level": "ERROR", "logger": "errors", "message": "Error: ValueError"}
{"timestamp": "2025-12-05 21:47:11,606", "level": "ERROR", "logger": "errors", "message": "Error: ValueError"}
{"timestamp": "2025-12-05 21:48:39,234", "level": "ERROR", "logger": "errors", "message": "Error: ValueError"}
{"timestamp": "2025-12-07 20:46:10,799", "level": "ERROR", "logger": "errors", "message": "Error: NoReverseMatch"}
{"timestamp": "2025-12-07 20:46:41,833", "level": "ERROR", "logger": "errors", "message": "Error: NoReverseMatch"}
{"timestamp": "2025-12-07 20:47:14,888", "level": "ERROR", "logger": "errors", "message": "Error: NoReverseMatch"}
{"timestamp": "2025-12-07 20:47:17,524", "level": "ERROR", "logger": "errors", "message": "Error: NoReverseMatch"}
{"timestamp": "2025-12-07 20:47:19,770", "level": "ERROR", "logger": "errors", "message": "Error: NoReverseMatch"}
{"timestamp": "2025-12-09 22:14:07,915", "level": "ERROR", "logger": "errors", "message": "Error: TemplateSyntaxError"}
{"timestamp": "2025-12-09 22:15:39,650", "level": "ERROR", "logger": "errors", "message": "Error: TemplateSyntaxError"}
{"timestamp": "2025-12-09 22:15:42,212", "level": "ERROR", "logger": "errors", "message": "Error: TemplateSyntaxError"}
