{"timestamp": "2025-10-09 14:15:52,856", "level": "INFO", "logger": "performance", "message": "Performance: request.GET.200"}
{"timestamp": "2025-10-09 14:15:55,200", "level": "INFO", "logger": "performance", "message": "Performance: request.GET.500"}
{"timestamp": "2025-10-09 14:15:57,401", "level": "INFO", "logger": "performance", "message": "Performance: request.GET.200"}
{"timestamp": "2025-10-09 14:15:59,415", "level": "INFO", "logger": "performance", "message": "Performance: request.GET.200"}
{"timestamp": "2025-10-09 14:16:01,530", "level": "INFO", "logger": "performance", "message": "Performance: request.GET.200"}
{"timestamp": "2025-10-09 14:16:02,616", "level": "INFO", "logger": "performance", "message": "Performance: ai_processing.test_ai_function"}
{"timestamp": "2025-10-09 14:16:05,731", "level": "INFO", "logger": "performance", "message": "Performance: test_operation"}
{"timestamp": "2025-10-09 14:20:55,956", "level": "INFO", "logger": "performance", "message": "Performance: demo_operation_0"}
{"timestamp": "2025-10-09 14:20:55,985", "level": "INFO", "logger": "performance", "message": "Performance: demo_operation_1"}
{"timestamp": "2025-10-09 14:20:56,024", "level": "INFO", "logger": "performance", "message": "Performance: demo_operation_2"}
{"timestamp": "2025-10-09 14:20:56,049", "level": "INFO", "logger": "performance", "message": "Performance: demo_operation_0"}
{"timestamp": "2025-10-09 14:20:56,069", "level": "INFO", "logger": "performance", "message": "Performance: demo_operation_1"}
{"timestamp": "2025-10-09 14:29:22,517", "level": "INFO", "logger": "performance", "message": "Performance: request.GET.500"}
{"timestamp": "2025-10-09 14:29:22,852", "level": "INFO", "logger": "performance", "message": "Performance: request.GET.404"}
{"timestamp": "2025-10-09 14:36:59,699", "level": "INFO", "logger": "performance", "message": "Performance: request.GET.500"}
{"timestamp": "2025-10-09 14:37:00,889", "level": "INFO", "logger": "performance", "message": "Performance: request.GET.500"}
{"timestamp": "2025-10-09 14:46:44,006", "level": "INFO", "logger": "performance", "message": "Performance: request.GET.500"}
{"timestamp": "2025-10-09 14:50:09,711", "level": "INFO", "logger": "performance", "message": "Performance: request.GET.500"}
{"timestamp": "2025-10-09 14:50:11,081", "level": "INFO", "logger": "performance", "message": "Performance: request.GET.500"}
{"timestamp": "2025-10-09 14:50:12,240", "level": "INFO", "logger": "performance", "message": "Performance: request.GET.500"}
{"timestamp": "2025-10-09 14:59:16,489", "level": "INFO", "logger": "performance", "message": "Performance: request.GET.500"}
{"timestamp": "2025-10-09 14:59:17,871", "level": "INFO", "logger": "performance", "message": "Performance: request.GET.500"}
{"timestamp": "2025-10-09 15:01:20,361", "level": "INFO", "logger": "performance", "message": "Performance: request.GET.500"}
{"timestamp": "2025-10-09 16:10:20,332", "level": "INFO", "logger": "performance", "message": "Performance: request.GET.500"}
{"timestamp": "2025-10-09 16:10:21,061", "level": "INFO", "logger": "performance", "message": "Performance: request.GET.404"}
{"timestamp": "2025-10-09 16:12:12,277", "level": "INFO", "logger": "performance", "message": "Performance: request.GET.404"}
{"timestamp": "2025-10-09 16:12:39,004", "level": "INFO", "logger": "performance", "message": "Performance: request.GET.500"}
{"timestamp": "2025-10-09 16:13:09,481", "level": "INFO", "logger": "performance", "message": "Performance: request.GET.500"}
{"timestamp": "2025-10-09 16:13:12,379", "level": "INFO", "logger": "performance", "message": "Performance: request.GET.500"}
{"timestamp": "2025-10-09 16:13:13,781", "level": "INFO", "logger": "performance", "message": "Performance: request.GET.500"}
{"timestamp": "2025-10-09 16:13:15,065", "level": "INFO", "logger": "performance", "message": "Performance: request.GET.500"}
{"timestamp": "2025-10-09 16:15:58,651", "level": "INFO", "logger": "performance", "message": "Performance: request.GET.500"}
{"timestamp": "2025-10-09 16:16:27,218", "level": "INFO", "logger": "performance", "message": "Performance: request.GET.500"}
{"timestamp": "2025-10-09 16:16:48,198", "level": "INFO", "logger": "performance", "message": "Performance: request.GET.500"}
{"timestamp": "2025-10-09 16:18:04,962", "level": "INFO", "logger": "performance", "message": "Performance: request.GET.200"}
{"timestamp": "2025-10-09 16:19:05,644", "level": "INFO", "logger": "performance", "message": "Performance: request.GET.200"}
{"timestamp": "2025-10-09 16:19:06,806", "level": "INFO", "logger": "performance", "message": "Performance: request.GET.200"}
{"timestamp": "2025-10-09 16:19:30,103", "level": "INFO", "logger": "performance", "message": "Performance: request.GET.500"}
{"timestamp": "2025-10-09 16:20:22,498", "level": "INFO", "logger": "performance", "message": "Performance: request.GET.200"}
{"timestamp": "2025-10-09 16:22:39,177", "level": "INFO", "logger": "performance", "message": "Performance: request.GET.200"}
{"timestamp": "2025-10-09 16:22:43,008", "level": "INFO", "logger": "performance", "message": "Performance: request.GET.200"}
{"timestamp": "2025-10-09 16:22:47,336", "level": "INFO", "logger": "performance", "message": "Performance: request.GET.200"}
{"timestamp": "2025-10-09 16:22:48,499", "level": "INFO", "logger": "performance", "message": "Performance: request.GET.200"}
{"timestamp": "2025-10-09 16:22:49,385", "level": "INFO", "logger": "performance", "message": "Performance: request.GET.200"}
{"timestamp": "2025-10-09 16:22:50,042", "level": "INFO", "logger": "performance", "message": "Performance: request.GET.200"}
{"timestamp": "2025-10-09 16:26:14,078", "level": "INFO", "logger": "performance", "message": "Performance: request.GET.200"}
{"timestamp": "2025-10-09 16:26:15,175", "level": "INFO", "logger": "performance", "message": "Performance: request.GET.200"}
{"timestamp": "2025-10-09 16:26:16,007", "level": "INFO", "logger": "performance", "message": "Performance: request.GET.200"}
{"timestamp": "2025-10-09 16:40:15,440", "level": "INFO", "logger": "performance", "message": "Performance: request.GET.500"}
{"timestamp": "2025-10-09 16:40:24,762", "level": "INFO", "logger": "performance", "message": "Performance: request.GET.200"}
{"timestamp": "2025-10-09 16:40:26,140", "level": "INFO", "logger": "performance", "message": "Performance: request.GET.200"}
{"timestamp": "2025-10-09 16:41:03,215", "level": "INFO", "logger": "performance", "message": "Performance: request.GET.500"}
{"timestamp": "2025-10-09 16:41:28,104", "level": "INFO", "logger": "performance", "message": "Performance: request.GET.200"}
{"timestamp": "2025-10-09 16:41:35,223", "level": "INFO", "logger": "performance", "message": "Performance: request.GET.200"}
{"timestamp": "2025-10-09 16:43:43,365", "level": "INFO", "logger": "performance", "message": "Performance: request.GET.200"}
{"timestamp": "2025-10-09 16:43:44,894", "level": "INFO", "logger": "performance", "message": "Performance: request.GET.200"}
{"timestamp": "2025-10-09 16:43:45,962", "level": "INFO", "logger": "performance", "message": "Performance: request.GET.200"}
{"timestamp": "2025-10-09 17:08:09,388", "level": "INFO", "logger": "performance", "message": "Performance: request.GET.500"}
{"timestamp": "2025-10-09 17:08:09,721", "level": "INFO", "logger": "performance", "message": "Performance: request.GET.404"}
{"timestamp": "2025-10-09 17:09:35,000", "level": "INFO", "logger": "performance", "message": "Performance: request.GET.302"}
{"timestamp": "2025-10-09 17:09:35,148", "level": "INFO", "logger": "performance", "message": "Performance: request.GET.200"}
{"timestamp": "2025-10-09 17:11:27,886", "level": "INFO", "logger": "performance", "message": "Performance: request.POST.200"}
{"timestamp": "2025-10-09 17:12:35,081", "level": "INFO", "logger": "performance", "message": "Performance: request.GET.302"}
{"timestamp": "2025-10-09 17:12:35,147", "level": "INFO", "logger": "performance", "message": "Performance: request.GET.200"}
{"timestamp": "2025-10-09 17:12:37,445", "level": "INFO", "logger": "performance", "message": "Performance: request.GET.200"}
{"timestamp": "2025-10-09 17:46:37,349", "level": "INFO", "logger": "performance", "message": "Performance: request.GET.302"}
{"timestamp": "2025-10-09 17:46:37,411", "level": "INFO", "logger": "performance", "message": "Performance: request.GET.200"}
{"timestamp": "2025-10-09 18:18:24,307", "level": "INFO", "logger": "performance", "message": "Performance: request.POST.200"}
{"timestamp": "2025-10-09 18:35:04,259", "level": "INFO", "logger": "performance", "message": "Performance: request.GET.200"}
{"timestamp": "2025-10-09 21:49:19,718", "level": "INFO", "logger": "performance", "message": "Performance: request.GET.500"}
{"timestamp": "2025-10-09 21:49:21,709", "level": "INFO", "logger": "performance", "message": "Performance: request.GET.500"}
{"timestamp": "2025-10-09 21:49:31,416", "level": "INFO", "logger": "performance", "message": "Performance: request.GET.500"}
{"timestamp": "2025-10-09 21:49:37,262", "level": "INFO", "logger": "performance", "message": "Performance: request.GET.404"}
{"timestamp": "2025-10-09 21:49:37,278", "level": "INFO", "logger": "performance", "message": "Performance: request.POST.500"}
{"timestamp": "2025-10-09 21:49:41,308", "level": "INFO", "logger": "performance", "message": "Performance: request.GET.500"}
{"timestamp": "2025-10-09 21:49:45,285", "level": "INFO", "logger": "performance", "message": "Performance: request.GET.500"}
{"timestamp": "2025-10-09 21:49:51,253", "level": "INFO", "logger": "performance", "message": "Performance: request.GET.500"}
{"timestamp": "2025-10-09 21:49:53,307", "level": "INFO", "logger": "performance", "message": "Performance: request.GET.500"}
{"timestamp": "2025-10-09 21:49:55,302", "level": "INFO", "logger": "performance", "message": "Performance: request.GET.500"}
{"timestamp": "2025-10-09 21:50:02,940", "level": "INFO", "logger": "performance", "message": "Performance: request.GET.500"}
{"timestamp": "2025-10-09 21:50:04,792", "level": "INFO", "logger": "performance", "message": "Performance: request.GET.500"}
{"timestamp": "2025-10-09 21:55:04,212", "level": "INFO", "logger": "performance", "message": "Performance: request.GET.500"}
{"timestamp": "2025-10-09 21:57:19,951", "level": "INFO", "logger": "performance", "message": "Performance: request.GET.200"}
{"timestamp": "2025-10-09 21:57:23,165", "level": "INFO", "logger": "performance", "message": "Performance: request.GET.200"}
{"timestamp": "2025-10-09 21:57:26,277", "level": "INFO", "logger": "performance", "message": "Performance: request.GET.200"}
{"timestamp": "2025-10-09 21:57:29,417", "level": "INFO", "logger": "performance", "message": "Performance: request.GET.200"}
{"timestamp": "2025-10-09 21:57:32,374", "level": "INFO", "logger": "performance", "message": "Performance: request.GET.200"}
{"timestamp": "2025-10-09 21:57:35,287", "level": "INFO", "logger": "performance", "message": "Performance: request.GET.200"}
{"timestamp": "2025-10-09 21:57:38,019", "level": "INFO", "logger": "performance", "message": "Performance: request.GET.200"}
{"timestamp": "2025-10-09 21:57:40,826", "level": "INFO", "logger": "performance", "message": "Performance: request.GET.200"}
{"timestamp": "2025-10-09 21:57:43,614", "level": "INFO", "logger": "performance", "message": "Performance: request.GET.200"}
{"timestamp": "2025-10-09 21:57:46,370", "level": "INFO", "logger": "performance", "message": "Performance: request.GET.200"}
{"timestamp": "2025-10-09 21:57:49,299", "level": "INFO", "logger": "performance", "message": "Performance: request.GET.200"}
{"timestamp": "2025-10-09 21:59:52,005", "level": "INFO", "logger": "performance", "message": "Performance: request.GET.200"}
{"timestamp": "2025-10-09 21:59:54,088", "level": "INFO", "logger": "performance", "message": "Performance: request.GET.200"}
{"timestamp": "2025-10-09 21:59:56,121", "level": "INFO", "logger": "performance", "message": "Performance: request.GET.200"}
{"timestamp": "2025-10-09 21:59:58,047", "level": "INFO", "logger": "performance", "message": "Performance: request.GET.404"}
{"timestamp": "2025-10-09 21:59:58,090", "level": "INFO", "logger": "performance", "message": "Performance: request.POST.200"}
{"timestamp": "2025-10-09 22:00:00,050", "level": "INFO", "logger": "performance", "message": "Performance: request.GET.200"}
{"timestamp": "2025-10-09 22:00:00,057", "level": "INFO", "logger": "performance", "message": "Performance: request.POST.400"}
{"timestamp": "2025-10-09 22:00:01,987", "level": "INFO", "logger": "performance", "message": "Performance: request.GET.302"}
{"timestamp": "2025-10-09 22:00:04,025", "level": "INFO", "logger": "performance", "message": "Performance: request.GET.200"}
{"timestamp": "2025-10-09 22:00:06,064", "level": "INFO", "logger": "performance", "message": "Performance: request.GET.200"}
{"timestamp": "2025-10-09 22:00:08,101", "level": "INFO", "logger": "performance", "message": "Performance: request.GET.200"}
{"timestamp": "2025-10-09 22:00:10,092", "level": "INFO", "logger": "performance", "message": "Performance: request.GET.200"}
{"timestamp": "2025-10-09 22:00:12,164", "level": "INFO", "logger": "performance", "message": "Performance: request.GET.200"}
{"timestamp": "2025-10-09 22:00:14,201", "level": "INFO", "logger": "performance", "message": "Performance: request.GET.200"}
{"timestamp": "2025-10-09 22:02:08,671", "level": "INFO", "logger": "performance", "message": "Performance: request.GET.200"}
{"timestamp": "2025-10-09 22:02:10,820", "level": "INFO", "logger": "performance", "message": "Performance: request.GET.200"}
{"timestamp": "2025-10-09 22:02:12,893", "level": "INFO", "logger": "performance", "message": "Performance: request.GET.200"}
{"timestamp": "2025-10-09 22:02:14,982", "level": "INFO", "logger": "performance", "message": "Performance: request.GET.404"}
{"timestamp": "2025-10-09 22:02:15,036", "level": "INFO", "logger": "performance", "message": "Performance: request.POST.200"}
{"timestamp": "2025-10-09 22:02:17,086", "level": "INFO", "logger": "performance", "message": "Performance: request.GET.200"}
{"timestamp": "2025-10-09 22:02:17,094", "level": "INFO", "logger": "performance", "message": "Performance: request.POST.400"}
{"timestamp": "2025-10-09 22:02:19,180", "level": "INFO", "logger": "performance", "message": "Performance: request.GET.200"}
{"timestamp": "2025-10-09 22:02:21,281", "level": "INFO", "logger": "performance", "message": "Performance: request.GET.200"}
{"timestamp": "2025-10-09 22:02:23,344", "level": "INFO", "logger": "performance", "message": "Performance: request.GET.200"}
{"timestamp": "2025-10-09 22:02:25,357", "level": "INFO", "logger": "performance", "message": "Performance: request.GET.200"}
{"timestamp": "2025-10-09 22:02:27,381", "level": "INFO", "logger": "performance", "message": "Performance: request.GET.200"}
{"timestamp": "2025-10-09 22:02:29,430", "level": "INFO", "logger": "performance", "message": "Performance: request.GET.200"}
{"timestamp": "2025-10-09 22:02:31,557", "level": "INFO", "logger": "performance", "message": "Performance: request.GET.200"}
{"timestamp": "2025-10-09 22:03:16,755", "level": "INFO", "logger": "performance", "message": "Performance: request.GET.200"}
{"timestamp": "2025-10-09 22:03:18,979", "level": "INFO", "logger": "performance", "message": "Performance: request.GET.200"}
{"timestamp": "2025-10-09 22:03:21,240", "level": "INFO", "logger": "performance", "message": "Performance: request.GET.200"}
{"timestamp": "2025-10-09 22:03:23,403", "level": "INFO", "logger": "performance", "message": "Performance: request.GET.404"}
{"timestamp": "2025-10-09 22:03:23,463", "level": "INFO", "logger": "performance", "message": "Performance: request.POST.200"}
{"timestamp": "2025-10-09 22:03:25,595", "level": "INFO", "logger": "performance", "message": "Performance: request.GET.200"}
{"timestamp": "2025-10-09 22:03:25,604", "level": "INFO", "logger": "performance", "message": "Performance: request.POST.400"}
{"timestamp": "2025-10-09 22:03:27,801", "level": "INFO", "logger": "performance", "message": "Performance: request.GET.200"}
{"timestamp": "2025-10-09 22:03:29,941", "level": "INFO", "logger": "performance", "message": "Performance: request.GET.200"}
{"timestamp": "2025-10-09 22:03:32,154", "level": "INFO", "logger": "performance", "message": "Performance: request.GET.200"}
{"timestamp": "2025-10-09 22:03:34,361", "level": "INFO", "logger": "performance", "message": "Performance: request.GET.200"}
{"timestamp": "2025-10-09 22:03:36,479", "level": "INFO", "logger": "performance", "message": "Performance: request.GET.200"}
{"timestamp": "2025-10-09 22:03:38,643", "level": "INFO", "logger": "performance", "message": "Performance: request.GET.200"}
{"timestamp": "2025-10-09 22:03:40,892", "level": "INFO", "logger": "performance", "message": "Performance: request.GET.200"}
{"timestamp": "2025-10-09 22:06:39,423", "level": "INFO", "logger": "performance", "message": "Performance: request.GET.302"}
{"timestamp": "2025-10-09 22:06:39,668", "level": "INFO", "logger": "performance", "message": "Performance: request.GET.200"}
{"timestamp": "2025-10-09 22:06:40,203", "level": "INFO", "logger": "performance", "message": "Performance: request.GET.404"}
{"timestamp": "2025-10-09 22:06:44,117", "level": "INFO", "logger": "performance", "message": "Performance: request.GET.200"}
{"timestamp": "2025-10-09 22:06:56,289", "level": "INFO", "logger": "performance", "message": "Performance: request.GET.200"}
{"timestamp": "2025-10-09 22:07:01,337", "level": "INFO", "logger": "performance", "message": "Performance: request.POST.200"}
{"timestamp": "2025-10-09 22:07:39,218", "level": "INFO", "logger": "performance", "message": "Performance: request.POST.200"}
{"timestamp": "2025-10-09 22:08:01,806", "level": "INFO", "logger": "performance", "message": "Performance: request.GET.302"}
{"timestamp": "2025-10-09 22:08:01,892", "level": "INFO", "logger": "performance", "message": "Performance: request.GET.200"}
{"timestamp": "2025-10-09 22:08:05,057", "level": "INFO", "logger": "performance", "message": "Performance: request.GET.200"}
{"timestamp": "2025-10-09 22:08:06,897", "level": "INFO", "logger": "performance", "message": "Performance: request.GET.200"}
{"timestamp": "2025-10-09 22:09:52,092", "level": "INFO", "logger": "performance", "message": "Performance: request.POST.200"}
{"timestamp": "2025-10-09 22:12:19,086", "level": "INFO", "logger": "performance", "message": "Performance: request.GET.200"}
{"timestamp": "2025-10-09 22:13:40,360", "level": "INFO", "logger": "performance", "message": "Performance: request.GET.200"}
{"timestamp": "2025-10-09 22:14:24,789", "level": "INFO", "logger": "performance", "message": "Performance: request.GET.404"}
{"timestamp": "2025-10-09 22:25:12,459", "level": "INFO", "logger": "performance", "message": "Performance: request.GET.200"}
{"timestamp": "2025-10-09 22:26:27,906", "level": "INFO", "logger": "performance", "message": "Performance: request.GET.200"}
{"timestamp": "2025-10-09 22:28:00,002", "level": "INFO", "logger": "performance", "message": "Performance: request.GET.404"}
{"timestamp": "2025-10-09 22:33:12,980", "level": "INFO", "logger": "performance", "message": "Performance: request.GET.200"}
{"timestamp": "2025-10-09 22:33:13,361", "level": "INFO", "logger": "performance", "message": "Performance: request.GET.404"}
{"timestamp": "2025-10-10 16:38:17,141", "level": "INFO", "logger": "performance", "message": "Performance: request.POST.200"}
{"timestamp": "2025-10-10 16:38:17,247", "level": "INFO", "logger": "performance", "message": "Performance: request.POST.200"}
{"timestamp": "2025-10-10 16:38:17,254", "level": "INFO", "logger": "performance", "message": "Performance: request.POST.200"}
{"timestamp": "2025-10-10 16:38:17,267", "level": "INFO", "logger": "performance", "message": "Performance: request.POST.200"}
{"timestamp": "2025-10-10 16:38:17,304", "level": "INFO", "logger": "performance", "message": "Performance: request.POST.200"}
{"timestamp": "2025-10-10 17:01:01,777", "level": "INFO", "logger": "performance", "message": "Performance: request.GET.302"}
{"timestamp": "2025-10-10 17:01:01,859", "level": "INFO", "logger": "performance", "message": "Performance: request.GET.200"}
{"timestamp": "2025-10-10 17:01:02,198", "level": "INFO", "logger": "performance", "message": "Performance: request.GET.404"}
{"timestamp": "2025-10-10 17:01:06,061", "level": "INFO", "logger": "performance", "message": "Performance: request.GET.200"}
{"timestamp": "2025-10-10 17:02:22,469", "level": "INFO", "logger": "performance", "message": "Performance: request.GET.200"}
{"timestamp": "2025-10-10 17:02:43,392", "level": "INFO", "logger": "performance", "message": "Performance: request.POST.200"}
{"timestamp": "2025-10-10 17:03:06,638", "level": "INFO", "logger": "performance", "message": "Performance: request.GET.301"}
{"timestamp": "2025-10-10 17:03:06,844", "level": "INFO", "logger": "performance", "message": "Performance: request.GET.302"}
{"timestamp": "2025-10-10 17:03:06,942", "level": "INFO", "logger": "performance", "message": "Performance: request.GET.200"}
{"timestamp": "2025-10-10 17:03:11,204", "level": "INFO", "logger": "performance", "message": "Performance: request.POST.302"}
{"timestamp": "2025-10-10 17:03:11,366", "level": "INFO", "logger": "performance", "message": "Performance: request.GET.200"}
{"timestamp": "2025-10-10 17:03:15,700", "level": "INFO", "logger": "performance", "message": "Performance: request.GET.200"}
{"timestamp": "2025-10-10 17:03:15,840", "level": "INFO", "logger": "performance", "message": "Performance: request.GET.200"}
{"timestamp": "2025-10-10 17:03:45,395", "level": "INFO", "logger": "performance", "message": "Performance: request.POST.302"}
{"timestamp": "2025-10-10 17:03:45,489", "level": "INFO", "logger": "performance", "message": "Performance: request.GET.200"}
{"timestamp": "2025-10-10 17:03:45,571", "level": "INFO", "logger": "performance", "message": "Performance: request.GET.200"}
{"timestamp": "2025-10-10 17:03:58,524", "level": "INFO", "logger": "performance", "message": "Performance: request.POST.200"}
{"timestamp": "2025-10-10 17:04:00,453", "level": "INFO", "logger": "performance", "message": "Performance: request.POST.302"}
{"timestamp": "2025-10-10 17:04:00,575", "level": "INFO", "logger": "performance", "message": "Performance: request.GET.200"}
{"timestamp": "2025-10-10 17:04:00,648", "level": "INFO", "logger": "performance", "message": "Performance: request.GET.200"}
{"timestamp": "2025-10-10 17:04:07,008", "level": "INFO", "logger": "performance", "message": "Performance: request.GET.302"}
{"timestamp": "2025-10-10 17:04:07,188", "level": "INFO", "logger": "performance", "message": "Performance: request.GET.500"}
{"timestamp": "2025-10-10 17:05:26,808", "level": "INFO", "logger": "performance", "message": "Performance: request.GET.302"}
{"timestamp": "2025-10-10 17:05:26,853", "level": "INFO", "logger": "performance", "message": "Performance: request.GET.302"}
{"timestamp": "2025-10-10 17:05:26,933", "level": "INFO", "logger": "performance", "message": "Performance: request.GET.302"}
{"timestamp": "2025-10-10 17:05:26,982", "level": "INFO", "logger": "performance", "message": "Performance: request.GET.302"}
{"timestamp": "2025-10-10 17:05:27,047", "level": "INFO", "logger": "performance", "message": "Performance: request.GET.302"}
{"timestamp": "2025-10-10 17:05:27,094", "level": "INFO", "logger": "performance", "message": "Performance: request.GET.302"}
{"timestamp": "2025-10-10 17:05:27,164", "level": "INFO", "logger": "performance", "message": "Performance: request.GET.302"}
{"timestamp": "2025-10-10 17:05:27,210", "level": "INFO", "logger": "performance", "message": "Performance: request.GET.302"}
{"timestamp": "2025-10-10 17:05:27,278", "level": "INFO", "logger": "performance", "message": "Performance: request.GET.302"}
{"timestamp": "2025-10-10 17:05:27,328", "level": "INFO", "logger": "performance", "message": "Performance: request.GET.302"}
{"timestamp": "2025-10-10 17:05:27,394", "level": "INFO", "logger": "performance", "message": "Performance: request.GET.302"}
{"timestamp": "2025-10-10 17:05:27,426", "level": "INFO", "logger": "performance", "message": "Performance: request.GET.302"}
{"timestamp": "2025-10-10 17:05:27,475", "level": "INFO", "logger": "performance", "message": "Performance: request.GET.302"}
{"timestamp": "2025-10-10 17:05:27,506", "level": "INFO", "logger": "performance", "message": "Performance: request.GET.302"}
{"timestamp": "2025-10-10 17:05:27,563", "level": "INFO", "logger": "performance", "message": "Performance: request.GET.302"}
{"timestamp": "2025-10-10 17:05:27,595", "level": "INFO", "logger": "performance", "message": "Performance: request.GET.302"}
{"timestamp": "2025-10-10 17:05:27,655", "level": "INFO", "logger": "performance", "message": "Performance: request.GET.302"}
{"timestamp": "2025-10-10 17:05:27,690", "level": "INFO", "logger": "performance", "message": "Performance: request.GET.302"}
{"timestamp": "2025-10-10 17:05:27,753", "level": "INFO", "logger": "performance", "message": "Performance: request.GET.302"}
{"timestamp": "2025-10-10 17:05:27,781", "level": "INFO", "logger": "performance", "message": "Performance: request.GET.302"}
{"timestamp": "2025-10-10 17:05:28,924", "level": "INFO", "logger": "performance", "message": "Performance: request.GET.302"}
{"timestamp": "2025-10-10 17:05:28,965", "level": "INFO", "logger": "performance", "message": "Performance: request.GET.302"}
{"timestamp": "2025-10-10 17:05:28,997", "level": "INFO", "logger": "performance", "message": "Performance: request.GET.302"}
{"timestamp": "2025-10-10 17:05:29,047", "level": "INFO", "logger": "performance", "message": "Performance: request.GET.302"}
{"timestamp": "2025-10-10 17:05:29,091", "level": "INFO", "logger": "performance", "message": "Performance: request.GET.302"}
{"timestamp": "2025-10-10 17:05:29,146", "level": "INFO", "logger": "performance", "message": "Performance: request.GET.302"}
{"timestamp": "2025-10-10 17:05:29,188", "level": "INFO", "logger": "performance", "message": "Performance: request.GET.302"}
{"timestamp": "2025-10-10 17:05:29,259", "level": "INFO", "logger": "performance", "message": "Performance: request.GET.302"}
{"timestamp": "2025-10-10 17:05:29,290", "level": "INFO", "logger": "performance", "message": "Performance: request.GET.302"}
{"timestamp": "2025-10-10 17:05:29,343", "level": "INFO", "logger": "performance", "message": "Performance: request.GET.302"}
{"timestamp": "2025-10-10 17:05:29,380", "level": "INFO", "logger": "performance", "message": "Performance: request.GET.302"}
{"timestamp": "2025-10-10 17:05:29,429", "level": "INFO", "logger": "performance", "message": "Performance: request.GET.302"}
{"timestamp": "2025-10-10 17:05:29,462", "level": "INFO", "logger": "performance", "message": "Performance: request.GET.302"}
{"timestamp": "2025-10-10 17:05:29,523", "level": "INFO", "logger": "performance", "message": "Performance: request.GET.302"}
{"timestamp": "2025-10-10 17:05:29,559", "level": "INFO", "logger": "performance", "message": "Performance: request.GET.302"}
{"timestamp": "2025-10-10 17:05:29,607", "level": "INFO", "logger": "performance", "message": "Performance: request.GET.302"}
{"timestamp": "2025-10-10 17:05:29,643", "level": "INFO", "logger": "performance", "message": "Performance: request.GET.302"}
{"timestamp": "2025-10-10 17:05:29,694", "level": "INFO", "logger": "performance", "message": "Performance: request.GET.302"}
{"timestamp": "2025-10-10 17:05:29,727", "level": "INFO", "logger": "performance", "message": "Performance: request.GET.302"}
{"timestamp": "2025-10-10 17:05:29,780", "level": "INFO", "logger": "performance", "message": "Performance: request.GET.302"}
{"timestamp": "2025-10-10 17:05:31,872", "level": "INFO", "logger": "performance", "message": "Performance: request.GET.302"}
{"timestamp": "2025-10-10 17:05:31,932", "level": "INFO", "logger": "performance", "message": "Performance: request.GET.200"}
{"timestamp": "2025-10-10 17:05:36,800", "level": "INFO", "logger": "performance", "message": "Performance: request.GET.200"}
{"timestamp": "2025-10-10 17:06:56,094", "level": "INFO", "logger": "performance", "message": "Performance: request.POST.200"}
{"timestamp": "2025-10-10 17:07:27,845", "level": "INFO", "logger": "performance", "message": "Performance: request.POST.200"}
{"timestamp": "2025-10-10 17:14:44,505", "level": "INFO", "logger": "performance", "message": "Performance: request.POST.200"}
{"timestamp": "2025-10-10 17:16:42,522", "level": "INFO", "logger": "performance", "message": "Performance: request.POST.200"}
{"timestamp": "2025-10-10 17:17:06,051", "level": "INFO", "logger": "performance", "message": "Performance: request.POST.200"}
{"timestamp": "2025-10-12 21:59:41,532", "level": "INFO", "logger": "performance", "message": "Performance: request.GET.302"}
{"timestamp": "2025-10-12 21:59:41,603", "level": "INFO", "logger": "performance", "message": "Performance: request.GET.200"}
{"timestamp": "2025-10-12 21:59:42,386", "level": "INFO", "logger": "performance", "message": "Performance: request.GET.404"}
{"timestamp": "2025-10-12 22:00:12,383", "level": "INFO", "logger": "performance", "message": "Performance: request.GET.200"}
{"timestamp": "2025-10-12 22:02:23,982", "level": "INFO", "logger": "performance", "message": "Performance: request.POST.200"}
{"timestamp": "2025-10-12 22:02:46,864", "level": "INFO", "logger": "performance", "message": "Performance: request.POST.200"}
{"timestamp": "2025-10-13 15:43:06,724", "level": "INFO", "logger": "performance", "message": "Performance: request.GET.302"}
{"timestamp": "2025-10-13 15:43:06,854", "level": "INFO", "logger": "performance", "message": "Performance: request.GET.200"}
{"timestamp": "2025-10-13 15:43:07,700", "level": "INFO", "logger": "performance", "message": "Performance: request.GET.404"}
{"timestamp": "2025-10-13 15:43:11,281", "level": "INFO", "logger": "performance", "message": "Performance: request.GET.200"}
{"timestamp": "2025-10-13 15:44:51,093", "level": "INFO", "logger": "performance", "message": "Performance: request.POST.200"}
{"timestamp": "2025-10-13 15:45:26,930", "level": "INFO", "logger": "performance", "message": "Performance: request.GET.301"}
{"timestamp": "2025-10-13 15:45:27,077", "level": "INFO", "logger": "performance", "message": "Performance: request.GET.302"}
{"timestamp": "2025-10-13 15:45:27,186", "level": "INFO", "logger": "performance", "message": "Performance: request.GET.200"}
{"timestamp": "2025-10-13 15:45:42,848", "level": "INFO", "logger": "performance", "message": "Performance: request.POST.302"}
{"timestamp": "2025-10-13 15:45:43,023", "level": "INFO", "logger": "performance", "message": "Performance: request.GET.200"}
{"timestamp": "2025-10-13 15:45:47,074", "level": "INFO", "logger": "performance", "message": "Performance: request.GET.200"}
{"timestamp": "2025-10-13 15:45:47,327", "level": "INFO", "logger": "performance", "message": "Performance: request.GET.200"}
{"timestamp": "2025-10-13 15:46:00,242", "level": "INFO", "logger": "performance", "message": "Performance: request.GET.200"}
{"timestamp": "2025-10-13 15:46:00,342", "level": "INFO", "logger": "performance", "message": "Performance: request.GET.200"}
{"timestamp": "2025-10-22 14:54:11,269", "level": "INFO", "logger": "performance", "message": "Performance: request.GET.302"}
{"timestamp": "2025-10-22 14:54:11,368", "level": "INFO", "logger": "performance", "message": "Performance: request.GET.200"}
{"timestamp": "2025-10-22 14:54:12,052", "level": "INFO", "logger": "performance", "message": "Performance: request.GET.404"}
{"timestamp": "2025-10-22 14:55:08,987", "level": "INFO", "logger": "performance", "message": "Performance: request.GET.200"}
{"timestamp": "2025-10-22 14:58:19,887", "level": "INFO", "logger": "performance", "message": "Performance: request.POST.200"}
{"timestamp": "2025-10-22 14:58:35,336", "level": "INFO", "logger": "performance", "message": "Performance: request.POST.200"}
{"timestamp": "2025-10-22 14:58:47,326", "level": "INFO", "logger": "performance", "message": "Performance: request.POST.200"}
{"timestamp": "2025-10-22 14:59:10,130", "level": "INFO", "logger": "performance", "message": "Performance: request.GET.200"}
{"timestamp": "2025-10-22 14:59:13,585", "level": "INFO", "logger": "performance", "message": "Performance: request.POST.200"}
{"timestamp": "2025-10-22 14:59:38,918", "level": "INFO", "logger": "performance", "message": "Performance: request.POST.200"}
{"timestamp": "2025-10-22 14:59:55,313", "level": "INFO", "logger": "performance", "message": "Performance: request.POST.200"}
{"timestamp": "2025-10-22 15:01:58,689", "level": "INFO", "logger": "performance", "message": "Performance: request.GET.302"}
{"timestamp": "2025-10-22 15:01:58,740", "level": "INFO", "logger": "performance", "message": "Performance: request.GET.200"}
{"timestamp": "2025-10-22 15:02:00,047", "level": "INFO", "logger": "performance", "message": "Performance: request.GET.302"}
{"timestamp": "2025-10-22 15:02:00,088", "level": "INFO", "logger": "performance", "message": "Performance: request.GET.200"}
{"timestamp": "2025-10-22 15:02:02,238", "level": "INFO", "logger": "performance", "message": "Performance: request.GET.200"}
{"timestamp": "2025-10-22 15:15:24,318", "level": "INFO", "logger": "performance", "message": "Performance: request.POST.200"}
{"timestamp": "2025-10-22 15:16:03,454", "level": "INFO", "logger": "performance", "message": "Performance: request.GET.302"}
{"timestamp": "2025-10-22 15:16:03,552", "level": "INFO", "logger": "performance", "message": "Performance: request.GET.200"}
{"timestamp": "2025-10-22 15:16:31,048", "level": "INFO", "logger": "performance", "message": "Performance: request.POST.200"}
{"timestamp": "2025-10-22 15:18:31,888", "level": "INFO", "logger": "performance", "message": "Performance: request.POST.302"}
{"timestamp": "2025-10-22 15:18:32,043", "level": "INFO", "logger": "performance", "message": "Performance: request.GET.200"}
{"timestamp": "2025-10-22 15:18:45,573", "level": "INFO", "logger": "performance", "message": "Performance: request.GET.200"}
{"timestamp": "2025-10-22 15:18:45,733", "level": "INFO", "logger": "performance", "message": "Performance: request.GET.200"}
{"timestamp": "2025-10-22 15:19:38,073", "level": "INFO", "logger": "performance", "message": "Performance: request.GET.302"}
{"timestamp": "2025-10-22 15:19:38,135", "level": "INFO", "logger": "performance", "message": "Performance: request.GET.302"}
{"timestamp": "2025-10-22 15:19:38,164", "level": "INFO", "logger": "performance", "message": "Performance: request.GET.302"}
{"timestamp": "2025-10-22 15:19:38,216", "level": "INFO", "logger": "performance", "message": "Performance: request.GET.302"}
{"timestamp": "2025-10-22 15:19:38,249", "level": "INFO", "logger": "performance", "message": "Performance: request.GET.302"}
{"timestamp": "2025-10-22 15:19:38,299", "level": "INFO", "logger": "performance", "message": "Performance: request.GET.302"}
{"timestamp": "2025-10-22 15:19:38,330", "level": "INFO", "logger": "performance", "message": "Performance: request.GET.302"}
{"timestamp": "2025-10-22 15:19:38,381", "level": "INFO", "logger": "performance", "message": "Performance: request.GET.302"}
{"timestamp": "2025-10-22 15:19:38,407", "level": "INFO", "logger": "performance", "message": "Performance: request.GET.302"}
{"timestamp": "2025-10-22 15:19:38,460", "level": "INFO", "logger": "performance", "message": "Performance: request.GET.302"}
{"timestamp": "2025-10-22 15:19:38,492", "level": "INFO", "logger": "performance", "message": "Performance: request.GET.302"}
{"timestamp": "2025-10-22 15:19:38,542", "level": "INFO", "logger": "performance", "message": "Performance: request.GET.302"}
{"timestamp": "2025-10-22 15:19:38,580", "level": "INFO", "logger": "performance", "message": "Performance: request.GET.302"}
{"timestamp": "2025-10-22 15:19:38,633", "level": "INFO", "logger": "performance", "message": "Performance: request.GET.302"}
{"timestamp": "2025-10-22 15:19:38,664", "level": "INFO", "logger": "performance", "message": "Performance: request.GET.302"}
{"timestamp": "2025-10-22 15:19:38,713", "level": "INFO", "logger": "performance", "message": "Performance: request.GET.302"}
{"timestamp": "2025-10-22 15:19:38,743", "level": "INFO", "logger": "performance", "message": "Performance: request.GET.302"}
{"timestamp": "2025-10-22 15:19:38,791", "level": "INFO", "logger": "performance", "message": "Performance: request.GET.302"}
{"timestamp": "2025-10-22 15:19:38,824", "level": "INFO", "logger": "performance", "message": "Performance: request.GET.302"}
{"timestamp": "2025-10-22 15:19:38,870", "level": "INFO", "logger": "performance", "message": "Performance: request.GET.302"}
{"timestamp": "2025-10-22 15:19:40,014", "level": "INFO", "logger": "performance", "message": "Performance: request.GET.302"}
{"timestamp": "2025-10-22 15:19:40,038", "level": "INFO", "logger": "performance", "message": "Performance: request.GET.302"}
{"timestamp": "2025-10-22 15:19:40,087", "level": "INFO", "logger": "performance", "message": "Performance: request.GET.302"}
{"timestamp": "2025-10-22 15:19:40,118", "level": "INFO", "logger": "performance", "message": "Performance: request.GET.302"}
{"timestamp": "2025-10-22 15:19:40,165", "level": "INFO", "logger": "performance", "message": "Performance: request.GET.302"}
{"timestamp": "2025-10-22 15:19:40,192", "level": "INFO", "logger": "performance", "message": "Performance: request.GET.302"}
{"timestamp": "2025-10-22 15:19:40,241", "level": "INFO", "logger": "performance", "message": "Performance: request.GET.302"}
{"timestamp": "2025-10-22 15:19:40,279", "level": "INFO", "logger": "performance", "message": "Performance: request.GET.302"}
{"timestamp": "2025-10-22 15:19:40,328", "level": "INFO", "logger": "performance", "message": "Performance: request.GET.302"}
{"timestamp": "2025-10-22 15:19:40,357", "level": "INFO", "logger": "performance", "message": "Performance: request.GET.302"}
{"timestamp": "2025-10-22 15:19:40,401", "level": "INFO", "logger": "performance", "message": "Performance: request.GET.302"}
{"timestamp": "2025-10-22 15:19:40,433", "level": "INFO", "logger": "performance", "message": "Performance: request.GET.302"}
{"timestamp": "2025-10-22 15:19:40,480", "level": "INFO", "logger": "performance", "message": "Performance: request.GET.302"}
{"timestamp": "2025-10-22 15:19:40,509", "level": "INFO", "logger": "performance", "message": "Performance: request.GET.302"}
{"timestamp": "2025-10-22 15:19:40,565", "level": "INFO", "logger": "performance", "message": "Performance: request.GET.302"}
{"timestamp": "2025-10-22 15:19:40,595", "level": "INFO", "logger": "performance", "message": "Performance: request.GET.302"}
{"timestamp": "2025-10-22 15:19:40,652", "level": "INFO", "logger": "performance", "message": "Performance: request.GET.302"}
{"timestamp": "2025-10-22 15:19:40,683", "level": "INFO", "logger": "performance", "message": "Performance: request.GET.302"}
{"timestamp": "2025-10-22 15:19:40,732", "level": "INFO", "logger": "performance", "message": "Performance: request.GET.302"}
{"timestamp": "2025-10-22 15:19:40,769", "level": "INFO", "logger": "performance", "message": "Performance: request.GET.302"}
{"timestamp": "2025-10-22 15:19:41,976", "level": "INFO", "logger": "performance", "message": "Performance: request.GET.200"}
{"timestamp": "2025-10-22 15:19:47,077", "level": "INFO", "logger": "performance", "message": "Performance: request.POST.200"}
{"timestamp": "2025-10-22 16:18:36,023", "level": "INFO", "logger": "performance", "message": "Performance: request.GET.200"}
{"timestamp": "2025-10-22 16:20:50,558", "level": "INFO", "logger": "performance", "message": "Performance: request.POST.200"}
{"timestamp": "2025-10-22 16:27:08,745", "level": "INFO", "logger": "performance", "message": "Performance: request.GET.302"}
{"timestamp": "2025-10-22 16:27:08,835", "level": "INFO", "logger": "performance", "message": "Performance: request.GET.200"}
{"timestamp": "2025-10-22 16:27:14,258", "level": "INFO", "logger": "performance", "message": "Performance: request.GET.200"}
{"timestamp": "2025-10-22 16:27:24,267", "level": "INFO", "logger": "performance", "message": "Performance: request.GET.302"}
{"timestamp": "2025-10-22 16:27:24,371", "level": "INFO", "logger": "performance", "message": "Performance: request.GET.200"}
{"timestamp": "2025-10-22 16:27:27,843", "level": "INFO", "logger": "performance", "message": "Performance: request.POST.302"}
{"timestamp": "2025-10-22 16:27:28,071", "level": "INFO", "logger": "performance", "message": "Performance: request.GET.200"}
{"timestamp": "2025-10-22 16:27:28,244", "level": "INFO", "logger": "performance", "message": "Performance: request.GET.200"}
{"timestamp": "2025-10-22 16:28:41,632", "level": "INFO", "logger": "performance", "message": "Performance: request.POST.500"}
{"timestamp": "2025-10-22 16:35:06,658", "level": "INFO", "logger": "performance", "message": "Performance: request.POST.500"}
{"timestamp": "2025-10-22 16:35:19,801", "level": "INFO", "logger": "performance", "message": "Performance: request.GET.302"}
{"timestamp": "2025-10-22 16:35:19,888", "level": "INFO", "logger": "performance", "message": "Performance: request.GET.302"}
{"timestamp": "2025-10-22 16:35:19,991", "level": "INFO", "logger": "performance", "message": "Performance: request.GET.302"}
{"timestamp": "2025-10-22 16:35:20,144", "level": "INFO", "logger": "performance", "message": "Performance: request.GET.302"}
{"timestamp": "2025-10-22 16:35:20,276", "level": "INFO", "logger": "performance", "message": "Performance: request.GET.302"}
{"timestamp": "2025-10-22 16:35:20,376", "level": "INFO", "logger": "performance", "message": "Performance: request.GET.302"}
{"timestamp": "2025-10-22 16:35:20,510", "level": "INFO", "logger": "performance", "message": "Performance: request.GET.302"}
{"timestamp": "2025-10-22 16:35:20,726", "level": "INFO", "logger": "performance", "message": "Performance: request.GET.302"}
{"timestamp": "2025-10-22 16:35:20,969", "level": "INFO", "logger": "performance", "message": "Performance: request.GET.302"}
{"timestamp": "2025-10-22 16:35:23,617", "level": "INFO", "logger": "performance", "message": "Performance: request.GET.302"}
{"timestamp": "2025-10-22 16:35:23,691", "level": "INFO", "logger": "performance", "message": "Performance: request.GET.302"}
{"timestamp": "2025-10-22 16:35:23,736", "level": "INFO", "logger": "performance", "message": "Performance: request.GET.302"}
{"timestamp": "2025-10-22 16:35:23,804", "level": "INFO", "logger": "performance", "message": "Performance: request.GET.302"}
{"timestamp": "2025-10-22 16:35:23,871", "level": "INFO", "logger": "performance", "message": "Performance: request.GET.302"}
{"timestamp": "2025-10-22 16:35:23,934", "level": "INFO", "logger": "performance", "message": "Performance: request.GET.302"}
{"timestamp": "2025-10-22 16:35:23,967", "level": "INFO", "logger": "performance", "message": "Performance: request.GET.302"}
{"timestamp": "2025-10-22 16:35:24,017", "level": "INFO", "logger": "performance", "message": "Performance: request.GET.302"}
{"timestamp": "2025-10-22 16:35:24,051", "level": "INFO", "logger": "performance", "message": "Performance: request.GET.302"}
{"timestamp": "2025-10-22 16:35:24,115", "level": "INFO", "logger": "performance", "message": "Performance: request.GET.302"}
{"timestamp": "2025-10-22 16:35:24,157", "level": "INFO", "logger": "performance", "message": "Performance: request.GET.302"}
{"timestamp": "2025-10-22 16:35:24,227", "level": "INFO", "logger": "performance", "message": "Performance: request.GET.302"}
{"timestamp": "2025-10-22 16:35:24,278", "level": "INFO", "logger": "performance", "message": "Performance: request.GET.302"}
{"timestamp": "2025-10-22 16:35:24,345", "level": "INFO", "logger": "performance", "message": "Performance: request.GET.302"}
{"timestamp": "2025-10-22 16:35:24,402", "level": "INFO", "logger": "performance", "message": "Performance: request.GET.302"}
{"timestamp": "2025-10-22 16:35:24,497", "level": "INFO", "logger": "performance", "message": "Performance: request.GET.302"}
{"timestamp": "2025-10-22 16:35:24,542", "level": "INFO", "logger": "performance", "message": "Performance: request.GET.302"}
{"timestamp": "2025-10-22 16:35:24,626", "level": "INFO", "logger": "performance", "message": "Performance: request.GET.302"}
{"timestamp": "2025-10-22 16:35:24,676", "level": "INFO", "logger": "performance", "message": "Performance: request.GET.302"}
{"timestamp": "2025-10-22 16:35:24,741", "level": "INFO", "logger": "performance", "message": "Performance: request.GET.302"}
{"timestamp": "2025-10-22 16:35:25,922", "level": "INFO", "logger": "performance", "message": "Performance: request.GET.302"}
{"timestamp": "2025-10-22 16:35:25,971", "level": "INFO", "logger": "performance", "message": "Performance: request.GET.302"}
{"timestamp": "2025-10-22 16:35:26,053", "level": "INFO", "logger": "performance", "message": "Performance: request.GET.302"}
{"timestamp": "2025-10-22 16:35:26,092", "level": "INFO", "logger": "performance", "message": "Performance: request.GET.302"}
{"timestamp": "2025-10-22 16:35:26,185", "level": "INFO", "logger": "performance", "message": "Performance: request.GET.302"}
{"timestamp": "2025-10-22 16:35:26,238", "level": "INFO", "logger": "performance", "message": "Performance: request.GET.302"}
{"timestamp": "2025-10-22 16:35:26,338", "level": "INFO", "logger": "performance", "message": "Performance: request.GET.302"}
{"timestamp": "2025-10-22 16:35:26,423", "level": "INFO", "logger": "performance", "message": "Performance: request.GET.302"}
{"timestamp": "2025-10-22 16:35:26,569", "level": "INFO", "logger": "performance", "message": "Performance: request.GET.302"}
{"timestamp": "2025-10-22 16:35:26,655", "level": "INFO", "logger": "performance", "message": "Performance: request.GET.302"}
{"timestamp": "2025-10-22 16:35:26,788", "level": "INFO", "logger": "performance", "message": "Performance: request.GET.302"}
{"timestamp": "2025-10-22 16:35:26,855", "level": "INFO", "logger": "performance", "message": "Performance: request.GET.302"}
{"timestamp": "2025-10-22 16:35:26,954", "level": "INFO", "logger": "performance", "message": "Performance: request.GET.302"}
{"timestamp": "2025-10-22 16:35:27,014", "level": "INFO", "logger": "performance", "message": "Performance: request.GET.302"}
{"timestamp": "2025-10-22 16:35:27,102", "level": "INFO", "logger": "performance", "message": "Performance: request.GET.302"}
{"timestamp": "2025-10-22 16:35:27,202", "level": "INFO", "logger": "performance", "message": "Performance: request.GET.302"}
{"timestamp": "2025-10-22 16:35:27,318", "level": "INFO", "logger": "performance", "message": "Performance: request.GET.302"}
{"timestamp": "2025-10-22 16:35:27,402", "level": "INFO", "logger": "performance", "message": "Performance: request.GET.302"}
{"timestamp": "2025-10-22 16:35:27,501", "level": "INFO", "logger": "performance", "message": "Performance: request.GET.302"}
{"timestamp": "2025-10-22 16:35:27,566", "level": "INFO", "logger": "performance", "message": "Performance: request.GET.302"}
{"timestamp": "2025-10-22 16:35:28,019", "level": "INFO", "logger": "performance", "message": "Performance: request.GET.200"}
{"timestamp": "2025-10-22 16:35:31,197", "level": "INFO", "logger": "performance", "message": "Performance: request.GET.200"}
{"timestamp": "2025-10-22 16:38:33,255", "level": "INFO", "logger": "performance", "message": "Performance: request.POST.302"}
{"timestamp": "2025-10-22 16:38:33,316", "level": "INFO", "logger": "performance", "message": "Performance: request.GET.200"}
{"timestamp": "2025-10-22 16:39:47,474", "level": "INFO", "logger": "performance", "message": "Performance: request.GET.302"}
{"timestamp": "2025-10-22 16:39:47,629", "level": "INFO", "logger": "performance", "message": "Performance: request.GET.200"}
{"timestamp": "2025-10-22 16:39:57,965", "level": "INFO", "logger": "performance", "message": "Performance: request.POST.302"}
{"timestamp": "2025-10-22 16:39:58,296", "level": "INFO", "logger": "performance", "message": "Performance: request.GET.200"}
{"timestamp": "2025-10-22 16:39:58,473", "level": "INFO", "logger": "performance", "message": "Performance: request.GET.200"}
{"timestamp": "2025-10-22 16:41:24,698", "level": "INFO", "logger": "performance", "message": "Performance: request.POST.500"}
{"timestamp": "2025-10-22 16:49:48,949", "level": "INFO", "logger": "performance", "message": "Performance: request.POST.500"}
{"timestamp": "2025-10-22 16:49:52,052", "level": "INFO", "logger": "performance", "message": "Performance: request.GET.302"}
{"timestamp": "2025-10-22 16:49:52,119", "level": "INFO", "logger": "performance", "message": "Performance: request.GET.302"}
{"timestamp": "2025-10-22 16:49:52,166", "level": "INFO", "logger": "performance", "message": "Performance: request.GET.302"}
{"timestamp": "2025-10-22 16:49:52,243", "level": "INFO", "logger": "performance", "message": "Performance: request.GET.302"}
{"timestamp": "2025-10-22 16:49:52,290", "level": "INFO", "logger": "performance", "message": "Performance: request.GET.302"}
{"timestamp": "2025-10-22 16:49:52,371", "level": "INFO", "logger": "performance", "message": "Performance: request.GET.302"}
{"timestamp": "2025-10-22 16:49:52,418", "level": "INFO", "logger": "performance", "message": "Performance: request.GET.302"}
{"timestamp": "2025-10-22 16:49:52,490", "level": "INFO", "logger": "performance", "message": "Performance: request.GET.302"}
{"timestamp": "2025-10-22 16:49:52,544", "level": "INFO", "logger": "performance", "message": "Performance: request.GET.302"}
{"timestamp": "2025-10-22 16:49:52,620", "level": "INFO", "logger": "performance", "message": "Performance: request.GET.302"}
{"timestamp": "2025-10-22 16:49:52,670", "level": "INFO", "logger": "performance", "message": "Performance: request.GET.302"}
{"timestamp": "2025-10-22 16:49:52,752", "level": "INFO", "logger": "performance", "message": "Performance: request.GET.302"}
{"timestamp": "2025-10-22 16:49:52,812", "level": "INFO", "logger": "performance", "message": "Performance: request.GET.302"}
{"timestamp": "2025-10-22 16:49:52,895", "level": "INFO", "logger": "performance", "message": "Performance: request.GET.302"}
{"timestamp": "2025-10-22 16:49:52,941", "level": "INFO", "logger": "performance", "message": "Performance: request.GET.302"}
{"timestamp": "2025-10-22 16:49:53,007", "level": "INFO", "logger": "performance", "message": "Performance: request.GET.302"}
{"timestamp": "2025-10-22 16:49:53,049", "level": "INFO", "logger": "performance", "message": "Performance: request.GET.302"}
{"timestamp": "2025-10-22 16:49:53,120", "level": "INFO", "logger": "performance", "message": "Performance: request.GET.302"}
{"timestamp": "2025-10-22 16:49:53,171", "level": "INFO", "logger": "performance", "message": "Performance: request.GET.302"}
{"timestamp": "2025-10-22 16:49:53,245", "level": "INFO", "logger": "performance", "message": "Performance: request.GET.302"}
{"timestamp": "2025-10-22 16:49:54,504", "level": "INFO", "logger": "performance", "message": "Performance: request.GET.302"}
{"timestamp": "2025-10-22 16:49:54,557", "level": "INFO", "logger": "performance", "message": "Performance: request.GET.302"}
{"timestamp": "2025-10-22 16:49:54,647", "level": "INFO", "logger": "performance", "message": "Performance: request.GET.302"}
{"timestamp": "2025-10-22 16:49:54,699", "level": "INFO", "logger": "performance", "message": "Performance: request.GET.302"}
{"timestamp": "2025-10-22 16:49:54,785", "level": "INFO", "logger": "performance", "message": "Performance: request.GET.302"}
{"timestamp": "2025-10-22 16:49:54,843", "level": "INFO", "logger": "performance", "message": "Performance: request.GET.302"}
{"timestamp": "2025-10-22 16:49:54,961", "level": "INFO", "logger": "performance", "message": "Performance: request.GET.302"}
{"timestamp": "2025-10-22 16:49:55,026", "level": "INFO", "logger": "performance", "message": "Performance: request.GET.302"}
{"timestamp": "2025-10-22 16:49:55,146", "level": "INFO", "logger": "performance", "message": "Performance: request.GET.302"}
{"timestamp": "2025-10-22 16:49:55,222", "level": "INFO", "logger": "performance", "message": "Performance: request.GET.302"}
{"timestamp": "2025-10-22 16:49:55,300", "level": "INFO", "logger": "performance", "message": "Performance: request.GET.302"}
{"timestamp": "2025-10-22 16:49:55,363", "level": "INFO", "logger": "performance", "message": "Performance: request.GET.302"}
{"timestamp": "2025-10-22 16:49:55,461", "level": "INFO", "logger": "performance", "message": "Performance: request.GET.302"}
{"timestamp": "2025-10-22 16:49:55,527", "level": "INFO", "logger": "performance", "message": "Performance: request.GET.302"}
{"timestamp": "2025-10-22 16:49:55,627", "level": "INFO", "logger": "performance", "message": "Performance: request.GET.302"}
{"timestamp": "2025-10-22 16:49:55,644", "level": "INFO", "logger": "performance", "message": "Performance: request.GET.302"}
{"timestamp": "2025-10-22 16:49:55,712", "level": "INFO", "logger": "performance", "message": "Performance: request.GET.200"}
{"timestamp": "2025-10-22 16:50:03,733", "level": "INFO", "logger": "performance", "message": "Performance: request.POST.302"}
{"timestamp": "2025-10-22 16:50:03,837", "level": "INFO", "logger": "performance", "message": "Performance: request.GET.302"}
{"timestamp": "2025-10-22 16:50:04,081", "level": "INFO", "logger": "performance", "message": "Performance: request.GET.200"}
{"timestamp": "2025-10-22 16:50:04,535", "level": "INFO", "logger": "performance", "message": "Performance: request.GET.200"}
{"timestamp": "2025-10-22 16:50:32,226", "level": "INFO", "logger": "performance", "message": "Performance: request.POST.200"}
{"timestamp": "2025-10-22 16:50:32,360", "level": "INFO", "logger": "performance", "message": "Performance: request.GET.200"}
{"timestamp": "2025-10-22 16:50:32,700", "level": "INFO", "logger": "performance", "message": "Performance: request.GET.200"}
{"timestamp": "2025-10-22 16:50:55,152", "level": "INFO", "logger": "performance", "message": "Performance: request.GET.200"}
{"timestamp": "2025-10-22 16:51:04,533", "level": "INFO", "logger": "performance", "message": "Performance: request.GET.200"}
{"timestamp": "2025-10-22 16:51:04,815", "level": "INFO", "logger": "performance", "message": "Performance: request.GET.200"}
{"timestamp": "2025-10-22 16:51:05,098", "level": "INFO", "logger": "performance", "message": "Performance: request.GET.200"}
{"timestamp": "2025-10-22 16:51:15,416", "level": "INFO", "logger": "performance", "message": "Performance: request.GET.302"}
{"timestamp": "2025-10-22 16:51:15,564", "level": "INFO", "logger": "performance", "message": "Performance: request.GET.200"}
{"timestamp": "2025-10-22 16:51:16,048", "level": "INFO", "logger": "performance", "message": "Performance: request.GET.200"}
{"timestamp": "2025-10-22 16:51:25,066", "level": "INFO", "logger": "performance", "message": "Performance: request.GET.200"}
{"timestamp": "2025-10-22 16:51:25,446", "level": "INFO", "logger": "performance", "message": "Performance: request.GET.200"}
{"timestamp": "2025-10-22 16:51:30,520", "level": "INFO", "logger": "performance", "message": "Performance: request.GET.200"}
{"timestamp": "2025-10-22 16:51:30,854", "level": "INFO", "logger": "performance", "message": "Performance: request.GET.200"}
{"timestamp": "2025-10-22 16:51:37,696", "level": "INFO", "logger": "performance", "message": "Performance: request.GET.500"}
{"timestamp": "2025-10-22 16:51:58,655", "level": "INFO", "logger": "performance", "message": "Performance: request.GET.500"}
{"timestamp": "2025-10-22 16:52:15,077", "level": "INFO", "logger": "performance", "message": "Performance: request.GET.200"}
{"timestamp": "2025-10-22 16:52:19,227", "level": "INFO", "logger": "performance", "message": "Performance: request.GET.302"}
{"timestamp": "2025-10-22 16:52:19,359", "level": "INFO", "logger": "performance", "message": "Performance: request.GET.200"}
{"timestamp": "2025-10-22 16:52:19,970", "level": "INFO", "logger": "performance", "message": "Performance: request.GET.200"}
{"timestamp": "2025-10-22 16:52:27,677", "level": "INFO", "logger": "performance", "message": "Performance: request.GET.200"}
{"timestamp": "2025-10-22 16:52:28,062", "level": "INFO", "logger": "performance", "message": "Performance: request.GET.200"}
{"timestamp": "2025-10-22 16:52:36,266", "level": "INFO", "logger": "performance", "message": "Performance: request.GET.200"}
{"timestamp": "2025-10-22 16:52:36,701", "level": "INFO", "logger": "performance", "message": "Performance: request.GET.200"}
{"timestamp": "2025-10-22 16:52:54,236", "level": "INFO", "logger": "performance", "message": "Performance: request.GET.200"}
{"timestamp": "2025-10-22 16:53:07,495", "level": "INFO", "logger": "performance", "message": "Performance: request.GET.500"}
{"timestamp": "2025-10-22 16:53:21,252", "level": "INFO", "logger": "performance", "message": "Performance: request.GET.200"}
{"timestamp": "2025-10-22 16:53:28,851", "level": "INFO", "logger": "performance", "message": "Performance: request.GET.200"}
{"timestamp": "2025-10-22 16:53:29,240", "level": "INFO", "logger": "performance", "message": "Performance: request.GET.200"}
{"timestamp": "2025-10-22 16:53:56,720", "level": "INFO", "logger": "performance", "message": "Performance: request.GET.200"}
{"timestamp": "2025-10-22 16:53:57,090", "level": "INFO", "logger": "performance", "message": "Performance: request.GET.200"}
{"timestamp": "2025-10-22 16:54:12,314", "level": "INFO", "logger": "performance", "message": "Performance: request.GET.200"}
{"timestamp": "2025-10-22 16:54:13,818", "level": "INFO", "logger": "performance", "message": "Performance: request.GET.200"}
{"timestamp": "2025-10-22 16:54:19,825", "level": "INFO", "logger": "performance", "message": "Performance: request.GET.200"}
{"timestamp": "2025-10-22 16:54:47,216", "level": "INFO", "logger": "performance", "message": "Performance: request.GET.302"}
{"timestamp": "2025-10-22 16:54:47,440", "level": "INFO", "logger": "performance", "message": "Performance: request.GET.200"}
{"timestamp": "2025-10-22 16:54:47,665", "level": "INFO", "logger": "performance", "message": "Performance: request.GET.200"}
{"timestamp": "2025-10-22 16:54:53,462", "level": "INFO", "logger": "performance", "message": "Performance: request.GET.200"}
{"timestamp": "2025-10-22 16:54:53,779", "level": "INFO", "logger": "performance", "message": "Performance: request.GET.200"}
{"timestamp": "2025-10-22 16:55:23,747", "level": "INFO", "logger": "performance", "message": "Performance: request.GET.200"}
{"timestamp": "2025-10-22 16:55:32,898", "level": "INFO", "logger": "performance", "message": "Performance: request.GET.302"}
{"timestamp": "2025-10-22 16:55:33,042", "level": "INFO", "logger": "performance", "message": "Performance: request.GET.200"}
{"timestamp": "2025-10-22 16:55:33,425", "level": "INFO", "logger": "performance", "message": "Performance: request.GET.200"}
{"timestamp": "2025-10-22 16:55:37,446", "level": "INFO", "logger": "performance", "message": "Performance: request.GET.200"}
{"timestamp": "2025-10-22 16:55:37,960", "level": "INFO", "logger": "performance", "message": "Performance: request.GET.200"}
{"timestamp": "2025-10-22 16:56:00,084", "level": "INFO", "logger": "performance", "message": "Performance: request.POST.200"}
{"timestamp": "2025-10-22 16:56:07,885", "level": "INFO", "logger": "performance", "message": "Performance: request.GET.200"}
{"timestamp": "2025-10-22 16:56:13,915", "level": "INFO", "logger": "performance", "message": "Performance: request.POST.200"}
{"timestamp": "2025-10-22 16:56:37,884", "level": "INFO", "logger": "performance", "message": "Performance: request.GET.200"}
{"timestamp": "2025-10-22 16:57:07,889", "level": "INFO", "logger": "performance", "message": "Performance: request.GET.200"}
{"timestamp": "2025-10-22 16:57:37,913", "level": "INFO", "logger": "performance", "message": "Performance: request.GET.200"}
{"timestamp": "2025-10-22 16:58:07,897", "level": "INFO", "logger": "performance", "message": "Performance: request.GET.200"}
{"timestamp": "2025-10-22 16:58:13,926", "level": "INFO", "logger": "performance", "message": "Performance: request.POST.200"}
{"timestamp": "2025-10-22 16:58:17,319", "level": "INFO", "logger": "performance", "message": "Performance: request.POST.400"}
{"timestamp": "2025-10-22 16:58:37,886", "level": "INFO", "logger": "performance", "message": "Performance: request.GET.200"}
{"timestamp": "2025-10-22 16:58:52,276", "level": "INFO", "logger": "performance", "message": "Performance: request.POST.400"}
{"timestamp": "2025-10-22 16:59:07,883", "level": "INFO", "logger": "performance", "message": "Performance: request.GET.200"}
{"timestamp": "2025-10-22 16:59:20,214", "level": "INFO", "logger": "performance", "message": "Performance: request.POST.400"}
{"timestamp": "2025-10-22 16:59:37,896", "level": "INFO", "logger": "performance", "message": "Performance: request.GET.200"}
{"timestamp": "2025-10-22 17:00:07,887", "level": "INFO", "logger": "performance", "message": "Performance: request.GET.200"}
{"timestamp": "2025-10-22 17:00:13,470", "level": "INFO", "logger": "performance", "message": "Performance: request.POST.400"}
{"timestamp": "2025-10-22 17:00:20,639", "level": "INFO", "logger": "performance", "message": "Performance: request.POST.200"}
{"timestamp": "2025-10-22 17:00:20,775", "level": "INFO", "logger": "performance", "message": "Performance: request.GET.200"}
{"timestamp": "2025-10-22 17:00:21,524", "level": "INFO", "logger": "performance", "message": "Performance: request.GET.200"}
{"timestamp": "2025-10-22 17:00:31,666", "level": "INFO", "logger": "performance", "message": "Performance: request.GET.302"}
{"timestamp": "2025-10-22 17:00:31,835", "level": "INFO", "logger": "performance", "message": "Performance: request.GET.200"}
{"timestamp": "2025-10-22 17:00:32,183", "level": "INFO", "logger": "performance", "message": "Performance: request.GET.200"}
{"timestamp": "2025-10-22 17:01:02,108", "level": "INFO", "logger": "performance", "message": "Performance: request.GET.200"}
{"timestamp": "2025-10-22 17:01:32,103", "level": "INFO", "logger": "performance", "message": "Performance: request.GET.200"}
{"timestamp": "2025-10-22 17:02:02,115", "level": "INFO", "logger": "performance", "message": "Performance: request.GET.200"}
{"timestamp": "2025-10-22 17:02:32,107", "level": "INFO", "logger": "performance", "message": "Performance: request.GET.200"}
{"timestamp": "2025-10-22 17:03:02,114", "level": "INFO", "logger": "performance", "message": "Performance: request.GET.200"}
{"timestamp": "2025-10-22 17:03:32,113", "level": "INFO", "logger": "performance", "message": "Performance: request.GET.200"}
{"timestamp": "2025-10-22 17:04:02,949", "level": "INFO", "logger": "performance", "message": "Performance: request.GET.200"}
{"timestamp": "2025-10-22 17:04:32,945", "level": "INFO", "logger": "performance", "message": "Performance: request.GET.200"}
{"timestamp": "2025-10-22 17:04:36,773", "level": "INFO", "logger": "performance", "message": "Performance: request.GET.200"}
{"timestamp": "2025-10-22 17:04:37,275", "level": "INFO", "logger": "performance", "message": "Performance: request.GET.200"}
{"timestamp": "2025-10-22 17:05:07,240", "level": "INFO", "logger": "performance", "message": "Performance: request.GET.200"}
{"timestamp": "2025-10-22 17:05:37,947", "level": "INFO", "logger": "performance", "message": "Performance: request.GET.200"}
{"timestamp": "2025-10-22 17:06:07,231", "level": "INFO", "logger": "performance", "message": "Performance: request.GET.200"}
{"timestamp": "2025-10-22 17:06:07,431", "level": "INFO", "logger": "performance", "message": "Performance: request.GET.200"}
{"timestamp": "2025-10-22 17:06:08,084", "level": "INFO", "logger": "performance", "message": "Performance: request.GET.200"}
{"timestamp": "2025-10-22 17:06:37,985", "level": "INFO", "logger": "performance", "message": "Performance: request.GET.200"}
{"timestamp": "2025-10-22 17:07:07,997", "level": "INFO", "logger": "performance", "message": "Performance: request.GET.200"}
{"timestamp": "2025-10-22 17:07:38,001", "level": "INFO", "logger": "performance", "message": "Performance: request.GET.200"}
{"timestamp": "2025-10-22 17:08:03,228", "level": "INFO", "logger": "performance", "message": "Performance: request.GET.302"}
{"timestamp": "2025-10-22 17:08:03,392", "level": "INFO", "logger": "performance", "message": "Performance: request.GET.200"}
{"timestamp": "2025-10-22 17:08:03,878", "level": "INFO", "logger": "performance", "message": "Performance: request.GET.200"}
{"timestamp": "2025-10-22 17:08:13,432", "level": "INFO", "logger": "performance", "message": "Performance: request.GET.200"}
{"timestamp": "2025-10-22 17:08:13,788", "level": "INFO", "logger": "performance", "message": "Performance: request.GET.200"}
{"timestamp": "2025-10-22 17:08:24,136", "level": "INFO", "logger": "performance", "message": "Performance: request.GET.500"}
{"timestamp": "2025-10-22 17:13:55,179", "level": "INFO", "logger": "performance", "message": "Performance: request.GET.302"}
{"timestamp": "2025-10-22 17:13:55,232", "level": "INFO", "logger": "performance", "message": "Performance: request.GET.200"}
{"timestamp": "2025-10-22 17:13:58,834", "level": "INFO", "logger": "performance", "message": "Performance: request.GET.302"}
{"timestamp": "2025-10-22 17:13:58,918", "level": "INFO", "logger": "performance", "message": "Performance: request.GET.200"}
{"timestamp": "2025-10-22 18:10:40,525", "level": "INFO", "logger": "performance", "message": "Performance: request.POST.302"}
{"timestamp": "2025-10-22 18:10:40,888", "level": "INFO", "logger": "performance", "message": "Performance: request.GET.500"}
{"timestamp": "2025-10-22 18:13:58,381", "level": "INFO", "logger": "performance", "message": "Performance: request.POST.500"}
{"timestamp": "2025-10-22 18:14:08,368", "level": "INFO", "logger": "performance", "message": "Performance: request.GET.200"}
{"timestamp": "2025-10-22 18:14:14,642", "level": "INFO", "logger": "performance", "message": "Performance: request.GET.302"}
{"timestamp": "2025-10-22 18:14:14,751", "level": "INFO", "logger": "performance", "message": "Performance: request.GET.200"}
{"timestamp": "2025-10-22 18:14:20,200", "level": "INFO", "logger": "performance", "message": "Performance: request.POST.302"}
{"timestamp": "2025-10-22 18:14:20,330", "level": "INFO", "logger": "performance", "message": "Performance: request.GET.200"}
{"timestamp": "2025-10-22 18:14:20,666", "level": "INFO", "logger": "performance", "message": "Performance: request.GET.200"}
{"timestamp": "2025-10-22 18:14:27,645", "level": "INFO", "logger": "performance", "message": "Performance: request.GET.302"}
{"timestamp": "2025-10-22 18:14:27,818", "level": "INFO", "logger": "performance", "message": "Performance: request.GET.200"}
{"timestamp": "2025-10-22 18:14:28,113", "level": "INFO", "logger": "performance", "message": "Performance: request.GET.200"}
{"timestamp": "2025-10-22 18:14:58,104", "level": "INFO", "logger": "performance", "message": "Performance: request.GET.200"}
{"timestamp": "2025-10-22 18:14:58,606", "level": "INFO", "logger": "performance", "message": "Performance: request.GET.200"}
{"timestamp": "2025-10-22 18:14:59,013", "level": "INFO", "logger": "performance", "message": "Performance: request.GET.200"}
{"timestamp": "2025-10-22 18:15:03,059", "level": "INFO", "logger": "performance", "message": "Performance: request.GET.200"}
{"timestamp": "2025-10-22 18:15:03,308", "level": "INFO", "logger": "performance", "message": "Performance: request.GET.200"}
{"timestamp": "2025-10-22 18:15:28,110", "level": "INFO", "logger": "performance", "message": "Performance: request.GET.200"}
{"timestamp": "2025-10-22 18:15:52,655", "level": "INFO", "logger": "performance", "message": "Performance: request.GET.200"}
{"timestamp": "2025-10-22 18:15:53,003", "level": "INFO", "logger": "performance", "message": "Performance: request.GET.200"}
{"timestamp": "2025-10-22 18:15:59,642", "level": "INFO", "logger": "performance", "message": "Performance: request.GET.200"}
{"timestamp": "2025-10-22 18:16:03,102", "level": "INFO", "logger": "performance", "message": "Performance: request.GET.500"}
{"timestamp": "2025-10-22 18:18:58,611", "level": "INFO", "logger": "performance", "message": "Performance: request.GET.500"}
{"timestamp": "2025-10-22 18:19:02,989", "level": "INFO", "logger": "performance", "message": "Performance: request.GET.200"}
{"timestamp": "2025-10-22 18:19:06,179", "level": "INFO", "logger": "performance", "message": "Performance: request.GET.500"}
{"timestamp": "2025-10-22 18:21:32,385", "level": "INFO", "logger": "performance", "message": "Performance: request.GET.200"}
{"timestamp": "2025-10-22 18:21:32,394", "level": "INFO", "logger": "performance", "message": "Performance: request.GET.200"}
{"timestamp": "2025-10-22 18:21:44,536", "level": "INFO", "logger": "performance", "message": "Performance: request.GET.200"}
{"timestamp": "2025-10-22 18:21:44,864", "level": "INFO", "logger": "performance", "message": "Performance: request.GET.200"}
{"timestamp": "2025-10-22 18:21:46,946", "level": "INFO", "logger": "performance", "message": "Performance: request.GET.500"}
{"timestamp": "2025-10-22 18:26:37,045", "level": "INFO", "logger": "performance", "message": "Performance: request.GET.500"}
{"timestamp": "2025-10-22 18:26:40,171", "level": "INFO", "logger": "performance", "message": "Performance: request.GET.200"}
{"timestamp": "2025-10-22 18:26:42,621", "level": "INFO", "logger": "performance", "message": "Performance: request.GET.500"}
{"timestamp": "2025-10-22 18:26:48,308", "level": "INFO", "logger": "performance", "message": "Performance: request.GET.200"}
{"timestamp": "2025-10-22 18:26:48,381", "level": "INFO", "logger": "performance", "message": "Performance: request.GET.200"}
{"timestamp": "2025-10-22 18:26:56,858", "level": "INFO", "logger": "performance", "message": "Performance: request.GET.500"}
{"timestamp": "2025-10-22 18:27:03,267", "level": "INFO", "logger": "performance", "message": "Performance: request.GET.200"}
{"timestamp": "2025-10-22 18:27:03,563", "level": "INFO", "logger": "performance", "message": "Performance: request.GET.200"}
{"timestamp": "2025-10-22 18:27:15,216", "level": "INFO", "logger": "performance", "message": "Performance: request.GET.200"}
{"timestamp": "2025-10-22 18:27:17,288", "level": "INFO", "logger": "performance", "message": "Performance: request.GET.200"}
{"timestamp": "2025-10-22 18:27:17,669", "level": "INFO", "logger": "performance", "message": "Performance: request.GET.200"}
{"timestamp": "2025-10-22 18:27:41,626", "level": "INFO", "logger": "performance", "message": "Performance: request.GET.302"}
{"timestamp": "2025-10-22 18:27:41,772", "level": "INFO", "logger": "performance", "message": "Performance: request.GET.200"}
{"timestamp": "2025-10-22 18:27:42,244", "level": "INFO", "logger": "performance", "message": "Performance: request.GET.200"}
{"timestamp": "2025-10-22 18:27:54,663", "level": "INFO", "logger": "performance", "message": "Performance: request.GET.200"}
{"timestamp": "2025-10-22 18:27:55,157", "level": "INFO", "logger": "performance", "message": "Performance: request.GET.200"}
{"timestamp": "2025-10-22 18:28:25,074", "level": "INFO", "logger": "performance", "message": "Performance: request.GET.200"}
{"timestamp": "2025-10-22 18:28:55,082", "level": "INFO", "logger": "performance", "message": "Performance: request.GET.200"}
{"timestamp": "2025-10-22 18:29:18,532", "level": "INFO", "logger": "performance", "message": "Performance: request.GET.200"}
{"timestamp": "2025-10-22 18:29:21,701", "level": "INFO", "logger": "performance", "message": "Performance: request.GET.200"}
{"timestamp": "2025-10-22 18:29:22,048", "level": "INFO", "logger": "performance", "message": "Performance: request.GET.200"}
{"timestamp": "2025-10-22 18:29:33,930", "level": "INFO", "logger": "performance", "message": "Performance: request.GET.500"}
{"timestamp": "2025-10-22 18:29:42,170", "level": "INFO", "logger": "performance", "message": "Performance: request.GET.200"}
{"timestamp": "2025-10-22 18:30:12,164", "level": "INFO", "logger": "performance", "message": "Performance: request.GET.200"}
{"timestamp": "2025-10-22 18:30:42,172", "level": "INFO", "logger": "performance", "message": "Performance: request.GET.200"}
{"timestamp": "2025-10-22 18:31:12,171", "level": "INFO", "logger": "performance", "message": "Performance: request.GET.200"}
{"timestamp": "2025-10-22 18:31:42,166", "level": "INFO", "logger": "performance", "message": "Performance: request.GET.200"}
{"timestamp": "2025-10-22 18:32:12,169", "level": "INFO", "logger": "performance", "message": "Performance: request.GET.200"}
{"timestamp": "2025-10-22 18:32:42,178", "level": "INFO", "logger": "performance", "message": "Performance: request.GET.200"}
{"timestamp": "2025-10-22 18:32:42,180", "level": "INFO", "logger": "performance", "message": "Performance: request.GET.200"}
{"timestamp": "2025-10-22 18:33:44,375", "level": "INFO", "logger": "performance", "message": "Performance: request.GET.200"}
{"timestamp": "2025-10-22 18:33:46,770", "level": "INFO", "logger": "performance", "message": "Performance: request.GET.200"}
{"timestamp": "2025-10-22 18:33:47,136", "level": "INFO", "logger": "performance", "message": "Performance: request.GET.200"}
{"timestamp": "2025-10-22 18:34:12,167", "level": "INFO", "logger": "performance", "message": "Performance: request.GET.200"}
{"timestamp": "2025-10-22 18:34:42,952", "level": "INFO", "logger": "performance", "message": "Performance: request.GET.200"}
{"timestamp": "2025-10-22 18:34:46,461", "level": "INFO", "logger": "performance", "message": "Performance: request.GET.302"}
{"timestamp": "2025-10-22 18:34:46,553", "level": "INFO", "logger": "performance", "message": "Performance: request.GET.200"}
{"timestamp": "2025-10-22 18:34:50,531", "level": "INFO", "logger": "performance", "message": "Performance: request.POST.200"}
{"timestamp": "2025-10-22 18:34:56,391", "level": "INFO", "logger": "performance", "message": "Performance: request.POST.302"}
{"timestamp": "2025-10-22 18:34:56,595", "level": "INFO", "logger": "performance", "message": "Performance: request.GET.200"}
{"timestamp": "2025-10-22 18:34:56,762", "level": "INFO", "logger": "performance", "message": "Performance: request.GET.200"}
{"timestamp": "2025-10-22 18:35:12,951", "level": "INFO", "logger": "performance", "message": "Performance: request.GET.302"}
{"timestamp": "2025-10-22 18:35:13,093", "level": "INFO", "logger": "performance", "message": "Performance: request.GET.302"}
{"timestamp": "2025-10-22 18:35:13,368", "level": "INFO", "logger": "performance", "message": "Performance: request.GET.302"}
{"timestamp": "2025-10-22 18:35:13,464", "level": "INFO", "logger": "performance", "message": "Performance: request.GET.302"}
{"timestamp": "2025-10-22 18:35:13,503", "level": "INFO", "logger": "performance", "message": "Performance: request.GET.302"}
{"timestamp": "2025-10-22 18:35:13,560", "level": "INFO", "logger": "performance", "message": "Performance: request.GET.302"}
{"timestamp": "2025-10-22 18:35:13,604", "level": "INFO", "logger": "performance", "message": "Performance: request.GET.302"}
{"timestamp": "2025-10-22 18:35:13,727", "level": "INFO", "logger": "performance", "message": "Performance: request.GET.302"}
{"timestamp": "2025-10-22 18:35:13,790", "level": "INFO", "logger": "performance", "message": "Performance: request.GET.302"}
{"timestamp": "2025-10-22 18:35:13,867", "level": "INFO", "logger": "performance", "message": "Performance: request.GET.302"}
{"timestamp": "2025-10-22 18:35:13,903", "level": "INFO", "logger": "performance", "message": "Performance: request.GET.302"}
{"timestamp": "2025-10-22 18:35:13,976", "level": "INFO", "logger": "performance", "message": "Performance: request.GET.302"}
{"timestamp": "2025-10-22 18:35:14,017", "level": "INFO", "logger": "performance", "message": "Performance: request.GET.302"}
{"timestamp": "2025-10-22 18:35:14,096", "level": "INFO", "logger": "performance", "message": "Performance: request.GET.302"}
{"timestamp": "2025-10-22 18:35:14,143", "level": "INFO", "logger": "performance", "message": "Performance: request.GET.302"}
{"timestamp": "2025-10-22 18:35:14,240", "level": "INFO", "logger": "performance", "message": "Performance: request.GET.302"}
{"timestamp": "2025-10-22 18:35:14,309", "level": "INFO", "logger": "performance", "message": "Performance: request.GET.302"}
{"timestamp": "2025-10-22 18:35:14,418", "level": "INFO", "logger": "performance", "message": "Performance: request.GET.302"}
{"timestamp": "2025-10-22 18:35:14,472", "level": "INFO", "logger": "performance", "message": "Performance: request.GET.302"}
{"timestamp": "2025-10-22 18:35:14,541", "level": "INFO", "logger": "performance", "message": "Performance: request.GET.302"}
{"timestamp": "2025-10-22 18:35:14,606", "level": "INFO", "logger": "performance", "message": "Performance: request.GET.302"}
{"timestamp": "2025-10-22 18:35:43,946", "level": "INFO", "logger": "performance", "message": "Performance: request.GET.302"}
{"timestamp": "2025-10-22 18:35:44,073", "level": "INFO", "logger": "performance", "message": "Performance: request.GET.302"}
{"timestamp": "2025-10-22 18:35:44,123", "level": "INFO", "logger": "performance", "message": "Performance: request.GET.302"}
{"timestamp": "2025-10-22 18:35:44,195", "level": "INFO", "logger": "performance", "message": "Performance: request.GET.302"}
{"timestamp": "2025-10-22 18:35:44,237", "level": "INFO", "logger": "performance", "message": "Performance: request.GET.302"}
{"timestamp": "2025-10-22 18:35:44,300", "level": "INFO", "logger": "performance", "message": "Performance: request.GET.302"}
{"timestamp": "2025-10-22 18:35:44,342", "level": "INFO", "logger": "performance", "message": "Performance: request.GET.302"}
{"timestamp": "2025-10-22 18:35:44,416", "level": "INFO", "logger": "performance", "message": "Performance: request.GET.302"}
{"timestamp": "2025-10-22 18:35:44,459", "level": "INFO", "logger": "performance", "message": "Performance: request.GET.302"}
{"timestamp": "2025-10-22 18:35:44,616", "level": "INFO", "logger": "performance", "message": "Performance: request.GET.302"}
{"timestamp": "2025-10-22 18:35:44,664", "level": "INFO", "logger": "performance", "message": "Performance: request.GET.302"}
{"timestamp": "2025-10-22 18:35:44,765", "level": "INFO", "logger": "performance", "message": "Performance: request.GET.302"}
{"timestamp": "2025-10-22 18:35:44,824", "level": "INFO", "logger": "performance", "message": "Performance: request.GET.302"}
{"timestamp": "2025-10-22 18:35:44,887", "level": "INFO", "logger": "performance", "message": "Performance: request.GET.302"}
{"timestamp": "2025-10-22 18:35:44,925", "level": "INFO", "logger": "performance", "message": "Performance: request.GET.302"}
{"timestamp": "2025-10-22 18:35:44,995", "level": "INFO", "logger": "performance", "message": "Performance: request.GET.302"}
{"timestamp": "2025-10-22 18:35:45,058", "level": "INFO", "logger": "performance", "message": "Performance: request.GET.302"}
{"timestamp": "2025-10-22 18:35:45,130", "level": "INFO", "logger": "performance", "message": "Performance: request.GET.302"}
{"timestamp": "2025-10-22 18:35:45,205", "level": "INFO", "logger": "performance", "message": "Performance: request.GET.302"}
{"timestamp": "2025-10-22 18:35:45,329", "level": "INFO", "logger": "performance", "message": "Performance: request.GET.302"}
{"timestamp": "2025-10-22 18:35:45,392", "level": "INFO", "logger": "performance", "message": "Performance: request.GET.302"}
{"timestamp": "2025-10-22 18:36:00,363", "level": "INFO", "logger": "performance", "message": "Performance: request.GET.302"}
{"timestamp": "2025-10-22 18:36:00,492", "level": "INFO", "logger": "performance", "message": "Performance: request.GET.302"}
{"timestamp": "2025-10-22 18:36:00,561", "level": "INFO", "logger": "performance", "message": "Performance: request.GET.302"}
{"timestamp": "2025-10-22 18:36:00,630", "level": "INFO", "logger": "performance", "message": "Performance: request.GET.302"}
{"timestamp": "2025-10-22 18:36:00,683", "level": "INFO", "logger": "performance", "message": "Performance: request.GET.302"}
{"timestamp": "2025-10-22 18:36:00,763", "level": "INFO", "logger": "performance", "message": "Performance: request.GET.302"}
{"timestamp": "2025-10-22 18:36:00,809", "level": "INFO", "logger": "performance", "message": "Performance: request.GET.302"}
{"timestamp": "2025-10-22 18:36:00,891", "level": "INFO", "logger": "performance", "message": "Performance: request.GET.302"}
{"timestamp": "2025-10-22 18:36:00,942", "level": "INFO", "logger": "performance", "message": "Performance: request.GET.302"}
{"timestamp": "2025-10-22 18:36:01,024", "level": "INFO", "logger": "performance", "message": "Performance: request.GET.302"}
{"timestamp": "2025-10-22 18:36:01,090", "level": "INFO", "logger": "performance", "message": "Performance: request.GET.302"}
{"timestamp": "2025-10-22 18:36:01,179", "level": "INFO", "logger": "performance", "message": "Performance: request.GET.302"}
{"timestamp": "2025-10-22 18:36:01,230", "level": "INFO", "logger": "performance", "message": "Performance: request.GET.302"}
{"timestamp": "2025-10-22 18:36:01,310", "level": "INFO", "logger": "performance", "message": "Performance: request.GET.302"}
{"timestamp": "2025-10-22 18:36:01,363", "level": "INFO", "logger": "performance", "message": "Performance: request.GET.302"}
{"timestamp": "2025-10-22 18:36:01,441", "level": "INFO", "logger": "performance", "message": "Performance: request.GET.302"}
{"timestamp": "2025-10-22 18:36:01,494", "level": "INFO", "logger": "performance", "message": "Performance: request.GET.302"}
{"timestamp": "2025-10-22 18:36:01,589", "level": "INFO", "logger": "performance", "message": "Performance: request.GET.302"}
{"timestamp": "2025-10-22 18:36:01,659", "level": "INFO", "logger": "performance", "message": "Performance: request.GET.302"}
{"timestamp": "2025-10-22 18:36:01,744", "level": "INFO", "logger": "performance", "message": "Performance: request.GET.302"}
{"timestamp": "2025-10-22 18:36:03,053", "level": "INFO", "logger": "performance", "message": "Performance: request.GET.302"}
{"timestamp": "2025-10-22 18:36:03,113", "level": "INFO", "logger": "performance", "message": "Performance: request.GET.302"}
{"timestamp": "2025-10-22 18:36:03,207", "level": "INFO", "logger": "performance", "message": "Performance: request.GET.302"}
{"timestamp": "2025-10-22 18:36:03,262", "level": "INFO", "logger": "performance", "message": "Performance: request.GET.302"}
{"timestamp": "2025-10-22 18:36:03,345", "level": "INFO", "logger": "performance", "message": "Performance: request.GET.302"}
{"timestamp": "2025-10-22 18:36:03,407", "level": "INFO", "logger": "performance", "message": "Performance: request.GET.302"}
{"timestamp": "2025-10-22 18:36:03,508", "level": "INFO", "logger": "performance", "message": "Performance: request.GET.302"}
{"timestamp": "2025-10-22 18:36:03,576", "level": "INFO", "logger": "performance", "message": "Performance: request.GET.302"}
{"timestamp": "2025-10-22 18:36:03,711", "level": "INFO", "logger": "performance", "message": "Performance: request.GET.302"}
{"timestamp": "2025-10-22 18:36:03,797", "level": "INFO", "logger": "performance", "message": "Performance: request.GET.302"}
{"timestamp": "2025-10-22 18:36:03,946", "level": "INFO", "logger": "performance", "message": "Performance: request.GET.302"}
{"timestamp": "2025-10-22 18:36:04,011", "level": "INFO", "logger": "performance", "message": "Performance: request.GET.302"}
{"timestamp": "2025-10-22 18:36:04,077", "level": "INFO", "logger": "performance", "message": "Performance: request.GET.302"}
{"timestamp": "2025-10-22 18:36:04,133", "level": "INFO", "logger": "performance", "message": "Performance: request.GET.302"}
{"timestamp": "2025-10-22 18:36:04,214", "level": "INFO", "logger": "performance", "message": "Performance: request.GET.302"}
{"timestamp": "2025-10-22 18:36:04,278", "level": "INFO", "logger": "performance", "message": "Performance: request.GET.302"}
{"timestamp": "2025-10-22 18:36:04,360", "level": "INFO", "logger": "performance", "message": "Performance: request.GET.302"}
{"timestamp": "2025-10-22 18:36:04,414", "level": "INFO", "logger": "performance", "message": "Performance: request.GET.302"}
{"timestamp": "2025-10-22 18:36:04,509", "level": "INFO", "logger": "performance", "message": "Performance: request.GET.302"}
{"timestamp": "2025-10-22 18:36:04,531", "level": "INFO", "logger": "performance", "message": "Performance: request.GET.302"}
{"timestamp": "2025-10-22 18:36:04,588", "level": "INFO", "logger": "performance", "message": "Performance: request.GET.200"}
{"timestamp": "2025-10-22 18:36:12,785", "level": "INFO", "logger": "performance", "message": "Performance: request.POST.302"}
{"timestamp": "2025-10-22 18:36:12,895", "level": "INFO", "logger": "performance", "message": "Performance: request.GET.302"}
{"timestamp": "2025-10-22 18:36:13,047", "level": "INFO", "logger": "performance", "message": "Performance: request.GET.200"}
{"timestamp": "2025-10-22 18:36:13,498", "level": "INFO", "logger": "performance", "message": "Performance: request.GET.200"}
{"timestamp": "2025-10-22 18:36:17,429", "level": "INFO", "logger": "performance", "message": "Performance: request.GET.200"}
{"timestamp": "2025-10-22 18:36:17,841", "level": "INFO", "logger": "performance", "message": "Performance: request.GET.200"}
{"timestamp": "2025-10-22 18:36:47,425", "level": "INFO", "logger": "performance", "message": "Performance: request.GET.200"}
{"timestamp": "2025-10-22 18:36:51,482", "level": "INFO", "logger": "performance", "message": "Performance: request.GET.200"}
{"timestamp": "2025-10-22 18:36:51,768", "level": "INFO", "logger": "performance", "message": "Performance: request.GET.200"}
{"timestamp": "2025-10-22 18:37:21,956", "level": "INFO", "logger": "performance", "message": "Performance: request.GET.200"}
{"timestamp": "2025-10-22 18:37:34,333", "level": "INFO", "logger": "performance", "message": "Performance: request.GET.302"}
{"timestamp": "2025-10-22 18:37:34,511", "level": "INFO", "logger": "performance", "message": "Performance: request.GET.200"}
{"timestamp": "2025-10-22 18:37:34,886", "level": "INFO", "logger": "performance", "message": "Performance: request.GET.200"}
{"timestamp": "2025-10-22 18:37:43,810", "level": "INFO", "logger": "performance", "message": "Performance: request.GET.200"}
{"timestamp": "2025-10-22 18:37:44,173", "level": "INFO", "logger": "performance", "message": "Performance: request.GET.200"}
{"timestamp": "2025-10-22 18:38:03,597", "level": "INFO", "logger": "performance", "message": "Performance: request.GET.200"}
{"timestamp": "2025-10-22 18:38:03,984", "level": "INFO", "logger": "performance", "message": "Performance: request.GET.200"}
{"timestamp": "2025-10-22 18:38:06,369", "level": "INFO", "logger": "performance", "message": "Performance: request.GET.500"}
{"timestamp": "2025-10-22 20:39:09,105", "level": "INFO", "logger": "performance", "message": "Performance: request.GET.302"}
{"timestamp": "2025-10-22 20:39:09,195", "level": "INFO", "logger": "performance", "message": "Performance: request.GET.200"}
{"timestamp": "2025-10-22 20:39:09,946", "level": "INFO", "logger": "performance", "message": "Performance: request.GET.404"}
{"timestamp": "2025-10-22 20:39:14,659", "level": "INFO", "logger": "performance", "message": "Performance: request.POST.302"}
{"timestamp": "2025-10-22 20:39:14,787", "level": "INFO", "logger": "performance", "message": "Performance: request.GET.302"}
{"timestamp": "2025-10-22 20:39:15,040", "level": "INFO", "logger": "performance", "message": "Performance: request.GET.200"}
{"timestamp": "2025-10-22 20:39:15,463", "level": "INFO", "logger": "performance", "message": "Performance: request.GET.200"}
{"timestamp": "2025-10-22 20:39:36,032", "level": "INFO", "logger": "performance", "message": "Performance: request.GET.200"}
{"timestamp": "2025-10-22 20:39:36,509", "level": "INFO", "logger": "performance", "message": "Performance: request.GET.200"}
{"timestamp": "2025-10-22 20:39:40,281", "level": "INFO", "logger": "performance", "message": "Performance: request.GET.200"}
{"timestamp": "2025-10-22 20:39:40,605", "level": "INFO", "logger": "performance", "message": "Performance: request.GET.200"}
{"timestamp": "2025-10-22 20:39:44,558", "level": "INFO", "logger": "performance", "message": "Performance: request.GET.200"}
{"timestamp": "2025-10-22 20:39:44,842", "level": "INFO", "logger": "performance", "message": "Performance: request.GET.200"}
{"timestamp": "2025-10-22 20:39:49,729", "level": "INFO", "logger": "performance", "message": "Performance: request.GET.200"}
{"timestamp": "2025-10-22 20:39:50,123", "level": "INFO", "logger": "performance", "message": "Performance: request.GET.200"}
{"timestamp": "2025-10-22 20:39:57,339", "level": "INFO", "logger": "performance", "message": "Performance: request.GET.500"}
